mode: set
github.com/sentrie-sh/sentrie/runtime/trace/tree.go:60.108,64.24 3 1
github.com/sentrie-sh/sentrie/runtime/trace/tree.go:64.24,66.3 1 1
github.com/sentrie-sh/sentrie/runtime/trace/tree.go:69.36,71.2 1 1
github.com/sentrie-sh/sentrie/runtime/trace/tree.go:73.46,75.2 1 1
github.com/sentrie-sh/sentrie/runtime/trace/tree.go:78.48,79.24 1 1
github.com/sentrie-sh/sentrie/runtime/trace/tree.go:79.24,81.3 1 1
github.com/sentrie-sh/sentrie/runtime/trace/tree.go:82.2,83.10 2 1
github.com/sentrie-sh/sentrie/runtime/trace/tree.go:87.39,90.2 2 1
github.com/sentrie-sh/sentrie/runtime/trace/tree.go:93.40,94.16 1 1
github.com/sentrie-sh/sentrie/runtime/trace/tree.go:94.16,96.3 1 1
github.com/sentrie-sh/sentrie/runtime/trace/tree.go:97.2,97.10 1 1
github.com/sentrie-sh/sentrie/runtime/js/alias_runtime.go:37.67,45.2 2 0
github.com/sentrie-sh/sentrie/runtime/js/alias_runtime.go:48.77,49.16 1 0
github.com/sentrie-sh/sentrie/runtime/js/alias_runtime.go:49.16,50.17 1 0
github.com/sentrie-sh/sentrie/runtime/js/alias_runtime.go:50.18,50.19 0 0
github.com/sentrie-sh/sentrie/runtime/js/alias_runtime.go:52.2,54.12 3 0
github.com/sentrie-sh/sentrie/runtime/js/alias_runtime.go:54.12,55.10 1 0
github.com/sentrie-sh/sentrie/runtime/js/alias_runtime.go:56.21,57.30 1 0
github.com/sentrie-sh/sentrie/runtime/js/alias_runtime.go:58.15,58.15 0 0
github.com/sentrie-sh/sentrie/runtime/js/alias_runtime.go:61.2,61.16 1 0
github.com/sentrie-sh/sentrie/runtime/js/alias_runtime.go:61.16,61.55 2 0
github.com/sentrie-sh/sentrie/runtime/js/alias_runtime.go:65.98,68.16 2 0
github.com/sentrie-sh/sentrie/runtime/js/alias_runtime.go:68.16,70.3 1 0
github.com/sentrie-sh/sentrie/runtime/js/alias_runtime.go:72.2,75.32 2 0
github.com/sentrie-sh/sentrie/runtime/js/alias_runtime.go:75.32,77.18 2 0
github.com/sentrie-sh/sentrie/runtime/js/alias_runtime.go:77.18,82.4 4 0
github.com/sentrie-sh/sentrie/runtime/js/alias_runtime.go:84.3,87.17 4 0
github.com/sentrie-sh/sentrie/runtime/js/alias_runtime.go:91.2,92.33 2 0
github.com/sentrie-sh/sentrie/runtime/js/alias_runtime.go:92.33,95.3 2 0
github.com/sentrie-sh/sentrie/runtime/js/alias_runtime.go:97.2,107.16 7 0
github.com/sentrie-sh/sentrie/runtime/js/alias_runtime.go:107.16,113.3 4 0
github.com/sentrie-sh/sentrie/runtime/js/alias_runtime.go:115.2,120.58 4 0
github.com/sentrie-sh/sentrie/runtime/js/alias_runtime.go:120.58,123.17 3 0
github.com/sentrie-sh/sentrie/runtime/js/alias_runtime.go:123.17,125.32 1 0
github.com/sentrie-sh/sentrie/runtime/js/alias_runtime.go:127.3,127.12 1 0
github.com/sentrie-sh/sentrie/runtime/js/alias_runtime.go:129.2,130.15 2 0
github.com/sentrie-sh/sentrie/runtime/js/alias_runtime.go:130.15,130.58 1 0
github.com/sentrie-sh/sentrie/runtime/js/alias_runtime.go:132.2,133.16 2 0
github.com/sentrie-sh/sentrie/runtime/js/alias_runtime.go:133.16,138.3 4 0
github.com/sentrie-sh/sentrie/runtime/js/alias_runtime.go:139.2,140.9 2 0
github.com/sentrie-sh/sentrie/runtime/js/alias_runtime.go:140.9,145.3 4 0
github.com/sentrie-sh/sentrie/runtime/js/alias_runtime.go:148.2,148.83 1 0
github.com/sentrie-sh/sentrie/runtime/js/alias_runtime.go:148.83,153.3 4 0
github.com/sentrie-sh/sentrie/runtime/js/alias_runtime.go:156.2,164.22 6 0
github.com/sentrie-sh/sentrie/runtime/js/builtin_base64.go:25.68,28.63 2 0
github.com/sentrie-sh/sentrie/runtime/js/builtin_base64.go:28.63,30.3 1 0
github.com/sentrie-sh/sentrie/runtime/js/builtin_base64.go:32.2,32.63 1 0
github.com/sentrie-sh/sentrie/runtime/js/builtin_base64.go:32.63,34.17 2 0
github.com/sentrie-sh/sentrie/runtime/js/builtin_base64.go:34.17,36.4 1 0
github.com/sentrie-sh/sentrie/runtime/js/builtin_base64.go:37.3,37.37 1 0
github.com/sentrie-sh/sentrie/runtime/js/builtin_base64.go:40.2,40.66 1 0
github.com/sentrie-sh/sentrie/runtime/js/builtin_base64.go:40.66,42.3 1 0
github.com/sentrie-sh/sentrie/runtime/js/builtin_base64.go:44.2,44.66 1 0
github.com/sentrie-sh/sentrie/runtime/js/builtin_base64.go:44.66,46.17 2 0
github.com/sentrie-sh/sentrie/runtime/js/builtin_base64.go:46.17,48.4 1 0
github.com/sentrie-sh/sentrie/runtime/js/builtin_base64.go:49.3,49.37 1 0
github.com/sentrie-sh/sentrie/runtime/js/builtin_base64.go:52.2,52.16 1 0
github.com/sentrie-sh/sentrie/runtime/js/builtin_collection_utils.go:27.72,31.70 2 0
github.com/sentrie-sh/sentrie/runtime/js/builtin_collection_utils.go:31.70,32.31 1 0
github.com/sentrie-sh/sentrie/runtime/js/builtin_collection_utils.go:32.31,34.4 1 0
github.com/sentrie-sh/sentrie/runtime/js/builtin_collection_utils.go:35.3,40.75 5 0
github.com/sentrie-sh/sentrie/runtime/js/builtin_collection_utils.go:40.75,42.4 1 0
github.com/sentrie-sh/sentrie/runtime/js/builtin_collection_utils.go:44.3,45.39 2 0
github.com/sentrie-sh/sentrie/runtime/js/builtin_collection_utils.go:45.39,47.43 2 0
github.com/sentrie-sh/sentrie/runtime/js/builtin_collection_utils.go:47.43,49.5 1 0
github.com/sentrie-sh/sentrie/runtime/js/builtin_collection_utils.go:51.3,51.27 1 0
github.com/sentrie-sh/sentrie/runtime/js/builtin_collection_utils.go:54.2,54.69 1 0
github.com/sentrie-sh/sentrie/runtime/js/builtin_collection_utils.go:54.69,55.31 1 0
github.com/sentrie-sh/sentrie/runtime/js/builtin_collection_utils.go:55.31,57.4 1 0
github.com/sentrie-sh/sentrie/runtime/js/builtin_collection_utils.go:58.3,63.75 5 0
github.com/sentrie-sh/sentrie/runtime/js/builtin_collection_utils.go:63.75,65.4 1 0
github.com/sentrie-sh/sentrie/runtime/js/builtin_collection_utils.go:67.3,68.39 2 0
github.com/sentrie-sh/sentrie/runtime/js/builtin_collection_utils.go:68.39,70.43 2 0
github.com/sentrie-sh/sentrie/runtime/js/builtin_collection_utils.go:70.43,72.5 1 0
github.com/sentrie-sh/sentrie/runtime/js/builtin_collection_utils.go:74.3,74.24 1 0
github.com/sentrie-sh/sentrie/runtime/js/builtin_collection_utils.go:77.2,77.73 1 0
github.com/sentrie-sh/sentrie/runtime/js/builtin_collection_utils.go:77.73,78.31 1 0
github.com/sentrie-sh/sentrie/runtime/js/builtin_collection_utils.go:78.31,80.4 1 0
github.com/sentrie-sh/sentrie/runtime/js/builtin_collection_utils.go:81.3,86.75 5 0
github.com/sentrie-sh/sentrie/runtime/js/builtin_collection_utils.go:86.75,88.4 1 0
github.com/sentrie-sh/sentrie/runtime/js/builtin_collection_utils.go:90.3,92.39 3 0
github.com/sentrie-sh/sentrie/runtime/js/builtin_collection_utils.go:92.39,94.43 2 0
github.com/sentrie-sh/sentrie/runtime/js/builtin_collection_utils.go:94.43,96.5 1 0
github.com/sentrie-sh/sentrie/runtime/js/builtin_collection_utils.go:98.3,98.31 1 0
github.com/sentrie-sh/sentrie/runtime/js/builtin_collection_utils.go:101.2,101.66 1 0
github.com/sentrie-sh/sentrie/runtime/js/builtin_collection_utils.go:101.66,102.31 1 0
github.com/sentrie-sh/sentrie/runtime/js/builtin_collection_utils.go:102.31,104.4 1 0
github.com/sentrie-sh/sentrie/runtime/js/builtin_collection_utils.go:105.3,109.39 4 0
github.com/sentrie-sh/sentrie/runtime/js/builtin_collection_utils.go:109.39,111.4 1 0
github.com/sentrie-sh/sentrie/runtime/js/builtin_collection_utils.go:114.3,115.39 2 0
github.com/sentrie-sh/sentrie/runtime/js/builtin_collection_utils.go:115.39,117.4 1 0
github.com/sentrie-sh/sentrie/runtime/js/builtin_collection_utils.go:120.3,120.48 1 0
github.com/sentrie-sh/sentrie/runtime/js/builtin_collection_utils.go:120.48,122.4 1 0
github.com/sentrie-sh/sentrie/runtime/js/builtin_collection_utils.go:124.3,124.34 1 0
github.com/sentrie-sh/sentrie/runtime/js/builtin_collection_utils.go:127.2,127.68 1 0
github.com/sentrie-sh/sentrie/runtime/js/builtin_collection_utils.go:127.68,128.31 1 0
github.com/sentrie-sh/sentrie/runtime/js/builtin_collection_utils.go:128.31,130.4 1 0
github.com/sentrie-sh/sentrie/runtime/js/builtin_collection_utils.go:131.3,135.75 4 0
github.com/sentrie-sh/sentrie/runtime/js/builtin_collection_utils.go:135.75,137.4 1 0
github.com/sentrie-sh/sentrie/runtime/js/builtin_collection_utils.go:139.3,141.39 3 0
github.com/sentrie-sh/sentrie/runtime/js/builtin_collection_utils.go:141.39,146.44 3 0
github.com/sentrie-sh/sentrie/runtime/js/builtin_collection_utils.go:146.44,147.20 1 0
github.com/sentrie-sh/sentrie/runtime/js/builtin_collection_utils.go:147.20,150.6 2 0
github.com/sentrie-sh/sentrie/runtime/js/builtin_collection_utils.go:154.3,154.28 1 0
github.com/sentrie-sh/sentrie/runtime/js/builtin_collection_utils.go:157.2,157.67 1 0
github.com/sentrie-sh/sentrie/runtime/js/builtin_collection_utils.go:157.67,158.31 1 0
github.com/sentrie-sh/sentrie/runtime/js/builtin_collection_utils.go:158.31,160.4 1 0
github.com/sentrie-sh/sentrie/runtime/js/builtin_collection_utils.go:161.3,164.16 3 0
github.com/sentrie-sh/sentrie/runtime/js/builtin_collection_utils.go:164.16,166.4 1 0
github.com/sentrie-sh/sentrie/runtime/js/builtin_collection_utils.go:168.3,170.75 3 0
github.com/sentrie-sh/sentrie/runtime/js/builtin_collection_utils.go:170.75,172.4 1 0
github.com/sentrie-sh/sentrie/runtime/js/builtin_collection_utils.go:174.3,177.39 3 0
github.com/sentrie-sh/sentrie/runtime/js/builtin_collection_utils.go:177.39,181.33 3 0
github.com/sentrie-sh/sentrie/runtime/js/builtin_collection_utils.go:181.33,184.5 2 0
github.com/sentrie-sh/sentrie/runtime/js/builtin_collection_utils.go:187.3,187.28 1 0
github.com/sentrie-sh/sentrie/runtime/js/builtin_collection_utils.go:187.28,189.4 1 0
github.com/sentrie-sh/sentrie/runtime/js/builtin_collection_utils.go:191.3,191.28 1 0
github.com/sentrie-sh/sentrie/runtime/js/builtin_collection_utils.go:194.2,194.69 1 0
github.com/sentrie-sh/sentrie/runtime/js/builtin_collection_utils.go:194.69,195.31 1 0
github.com/sentrie-sh/sentrie/runtime/js/builtin_collection_utils.go:195.31,197.4 1 0
github.com/sentrie-sh/sentrie/runtime/js/builtin_collection_utils.go:198.3,202.75 4 0
github.com/sentrie-sh/sentrie/runtime/js/builtin_collection_utils.go:202.75,204.4 1 0
github.com/sentrie-sh/sentrie/runtime/js/builtin_collection_utils.go:206.3,209.28 3 0
github.com/sentrie-sh/sentrie/runtime/js/builtin_collection_utils.go:213.2,213.65 1 0
github.com/sentrie-sh/sentrie/runtime/js/builtin_collection_utils.go:213.65,214.31 1 0
github.com/sentrie-sh/sentrie/runtime/js/builtin_collection_utils.go:214.31,216.4 1 0
github.com/sentrie-sh/sentrie/runtime/js/builtin_collection_utils.go:217.3,221.37 4 0
github.com/sentrie-sh/sentrie/runtime/js/builtin_collection_utils.go:221.37,223.4 1 0
github.com/sentrie-sh/sentrie/runtime/js/builtin_collection_utils.go:225.3,226.42 2 0
github.com/sentrie-sh/sentrie/runtime/js/builtin_collection_utils.go:226.42,228.4 1 0
github.com/sentrie-sh/sentrie/runtime/js/builtin_collection_utils.go:230.3,230.26 1 0
github.com/sentrie-sh/sentrie/runtime/js/builtin_collection_utils.go:233.2,233.67 1 0
github.com/sentrie-sh/sentrie/runtime/js/builtin_collection_utils.go:233.67,234.31 1 0
github.com/sentrie-sh/sentrie/runtime/js/builtin_collection_utils.go:234.31,236.4 1 0
github.com/sentrie-sh/sentrie/runtime/js/builtin_collection_utils.go:237.3,241.37 4 0
github.com/sentrie-sh/sentrie/runtime/js/builtin_collection_utils.go:241.37,243.4 1 0
github.com/sentrie-sh/sentrie/runtime/js/builtin_collection_utils.go:245.3,246.42 2 0
github.com/sentrie-sh/sentrie/runtime/js/builtin_collection_utils.go:246.42,248.4 1 0
github.com/sentrie-sh/sentrie/runtime/js/builtin_collection_utils.go:250.3,250.28 1 0
github.com/sentrie-sh/sentrie/runtime/js/builtin_collection_utils.go:253.2,253.68 1 0
github.com/sentrie-sh/sentrie/runtime/js/builtin_collection_utils.go:253.68,254.31 1 0
github.com/sentrie-sh/sentrie/runtime/js/builtin_collection_utils.go:254.31,256.4 1 0
github.com/sentrie-sh/sentrie/runtime/js/builtin_collection_utils.go:257.3,261.37 4 0
github.com/sentrie-sh/sentrie/runtime/js/builtin_collection_utils.go:261.37,263.4 1 0
github.com/sentrie-sh/sentrie/runtime/js/builtin_collection_utils.go:265.3,266.42 2 0
github.com/sentrie-sh/sentrie/runtime/js/builtin_collection_utils.go:266.42,269.4 2 0
github.com/sentrie-sh/sentrie/runtime/js/builtin_collection_utils.go:271.3,271.29 1 0
github.com/sentrie-sh/sentrie/runtime/js/builtin_collection_utils.go:274.2,274.64 1 0
github.com/sentrie-sh/sentrie/runtime/js/builtin_collection_utils.go:274.64,275.31 1 0
github.com/sentrie-sh/sentrie/runtime/js/builtin_collection_utils.go:275.31,277.4 1 0
github.com/sentrie-sh/sentrie/runtime/js/builtin_collection_utils.go:278.3,283.37 5 0
github.com/sentrie-sh/sentrie/runtime/js/builtin_collection_utils.go:283.37,285.4 1 0
github.com/sentrie-sh/sentrie/runtime/js/builtin_collection_utils.go:287.3,288.26 2 0
github.com/sentrie-sh/sentrie/runtime/js/builtin_collection_utils.go:288.26,290.4 1 0
github.com/sentrie-sh/sentrie/runtime/js/builtin_collection_utils.go:292.3,292.59 1 0
github.com/sentrie-sh/sentrie/runtime/js/builtin_collection_utils.go:295.2,295.64 1 0
github.com/sentrie-sh/sentrie/runtime/js/builtin_collection_utils.go:295.64,296.57 1 0
github.com/sentrie-sh/sentrie/runtime/js/builtin_collection_utils.go:296.57,298.4 1 0
github.com/sentrie-sh/sentrie/runtime/js/builtin_collection_utils.go:299.3,302.30 4 0
github.com/sentrie-sh/sentrie/runtime/js/builtin_collection_utils.go:302.30,304.4 1 0
github.com/sentrie-sh/sentrie/runtime/js/builtin_collection_utils.go:306.3,308.37 3 0
github.com/sentrie-sh/sentrie/runtime/js/builtin_collection_utils.go:308.37,309.63 1 0
github.com/sentrie-sh/sentrie/runtime/js/builtin_collection_utils.go:309.63,311.5 1 0
github.com/sentrie-sh/sentrie/runtime/js/builtin_collection_utils.go:312.4,312.27 1 0
github.com/sentrie-sh/sentrie/runtime/js/builtin_collection_utils.go:315.3,316.26 2 0
github.com/sentrie-sh/sentrie/runtime/js/builtin_collection_utils.go:316.26,317.63 1 0
github.com/sentrie-sh/sentrie/runtime/js/builtin_collection_utils.go:317.63,319.5 1 0
github.com/sentrie-sh/sentrie/runtime/js/builtin_collection_utils.go:320.4,320.27 1 0
github.com/sentrie-sh/sentrie/runtime/js/builtin_collection_utils.go:323.3,324.23 2 0
github.com/sentrie-sh/sentrie/runtime/js/builtin_collection_utils.go:324.23,325.63 1 0
github.com/sentrie-sh/sentrie/runtime/js/builtin_collection_utils.go:325.63,327.5 1 0
github.com/sentrie-sh/sentrie/runtime/js/builtin_collection_utils.go:328.4,328.27 1 0
github.com/sentrie-sh/sentrie/runtime/js/builtin_collection_utils.go:331.3,331.39 1 0
github.com/sentrie-sh/sentrie/runtime/js/builtin_collection_utils.go:334.2,334.65 1 0
github.com/sentrie-sh/sentrie/runtime/js/builtin_collection_utils.go:334.65,335.31 1 0
github.com/sentrie-sh/sentrie/runtime/js/builtin_collection_utils.go:335.31,337.4 1 0
github.com/sentrie-sh/sentrie/runtime/js/builtin_collection_utils.go:338.3,342.37 4 0
github.com/sentrie-sh/sentrie/runtime/js/builtin_collection_utils.go:342.37,344.4 1 0
github.com/sentrie-sh/sentrie/runtime/js/builtin_collection_utils.go:346.3,346.36 1 0
github.com/sentrie-sh/sentrie/runtime/js/builtin_collection_utils.go:349.2,349.68 1 0
github.com/sentrie-sh/sentrie/runtime/js/builtin_collection_utils.go:349.68,350.31 1 0
github.com/sentrie-sh/sentrie/runtime/js/builtin_collection_utils.go:350.31,352.4 1 0
github.com/sentrie-sh/sentrie/runtime/js/builtin_collection_utils.go:353.3,357.37 4 0
github.com/sentrie-sh/sentrie/runtime/js/builtin_collection_utils.go:357.37,359.4 1 0
github.com/sentrie-sh/sentrie/runtime/js/builtin_collection_utils.go:361.3,361.41 1 0
github.com/sentrie-sh/sentrie/runtime/js/builtin_collection_utils.go:364.2,364.66 1 0
github.com/sentrie-sh/sentrie/runtime/js/builtin_collection_utils.go:364.66,365.30 1 0
github.com/sentrie-sh/sentrie/runtime/js/builtin_collection_utils.go:365.30,367.4 1 0
github.com/sentrie-sh/sentrie/runtime/js/builtin_collection_utils.go:369.3,371.38 3 0
github.com/sentrie-sh/sentrie/runtime/js/builtin_collection_utils.go:371.38,373.4 1 0
github.com/sentrie-sh/sentrie/runtime/js/builtin_collection_utils.go:376.3,380.43 3 0
github.com/sentrie-sh/sentrie/runtime/js/builtin_collection_utils.go:380.43,382.4 1 0
github.com/sentrie-sh/sentrie/runtime/js/builtin_collection_utils.go:385.3,385.44 1 0
github.com/sentrie-sh/sentrie/runtime/js/builtin_collection_utils.go:385.44,388.39 3 0
github.com/sentrie-sh/sentrie/runtime/js/builtin_collection_utils.go:388.39,390.5 1 0
github.com/sentrie-sh/sentrie/runtime/js/builtin_collection_utils.go:393.4,393.44 1 0
github.com/sentrie-sh/sentrie/runtime/js/builtin_collection_utils.go:393.44,395.5 1 0
github.com/sentrie-sh/sentrie/runtime/js/builtin_collection_utils.go:398.3,398.40 1 0
github.com/sentrie-sh/sentrie/runtime/js/builtin_collection_utils.go:401.2,401.16 1 0
github.com/sentrie-sh/sentrie/runtime/js/builtin_collection_utils.go:405.42,410.70 3 0
github.com/sentrie-sh/sentrie/runtime/js/builtin_collection_utils.go:410.70,413.14 3 0
github.com/sentrie-sh/sentrie/runtime/js/builtin_collection_utils.go:413.14,415.4 1 0
github.com/sentrie-sh/sentrie/runtime/js/builtin_collection_utils.go:415.9,415.21 1 0
github.com/sentrie-sh/sentrie/runtime/js/builtin_collection_utils.go:415.21,417.4 1 0
github.com/sentrie-sh/sentrie/runtime/js/builtin_collection_utils.go:418.3,418.11 1 0
github.com/sentrie-sh/sentrie/runtime/js/builtin_collection_utils.go:422.2,422.68 1 0
github.com/sentrie-sh/sentrie/runtime/js/builtin_collection_utils.go:422.68,425.14 3 0
github.com/sentrie-sh/sentrie/runtime/js/builtin_collection_utils.go:425.14,427.4 1 0
github.com/sentrie-sh/sentrie/runtime/js/builtin_collection_utils.go:427.9,427.21 1 0
github.com/sentrie-sh/sentrie/runtime/js/builtin_collection_utils.go:427.21,429.4 1 0
github.com/sentrie-sh/sentrie/runtime/js/builtin_collection_utils.go:430.3,430.11 1 0
github.com/sentrie-sh/sentrie/runtime/js/builtin_collection_utils.go:434.2,436.13 3 0
github.com/sentrie-sh/sentrie/runtime/js/builtin_collection_utils.go:436.13,438.3 1 0
github.com/sentrie-sh/sentrie/runtime/js/builtin_collection_utils.go:438.8,438.20 1 0
github.com/sentrie-sh/sentrie/runtime/js/builtin_collection_utils.go:438.20,440.3 1 0
github.com/sentrie-sh/sentrie/runtime/js/builtin_collection_utils.go:441.2,441.10 1 0
github.com/sentrie-sh/sentrie/runtime/js/builtin_collection_utils.go:445.61,446.33 1 0
github.com/sentrie-sh/sentrie/runtime/js/builtin_collection_utils.go:446.33,448.67 2 0
github.com/sentrie-sh/sentrie/runtime/js/builtin_collection_utils.go:448.67,450.4 1 0
github.com/sentrie-sh/sentrie/runtime/js/builtin_collection_utils.go:450.9,452.4 1 0
github.com/sentrie-sh/sentrie/runtime/js/builtin_crypto.go:25.68,28.63 2 0
github.com/sentrie-sh/sentrie/runtime/js/builtin_crypto.go:28.63,30.3 1 0
github.com/sentrie-sh/sentrie/runtime/js/builtin_crypto.go:32.2,32.16 1 0
github.com/sentrie-sh/sentrie/runtime/js/builtin_encoding.go:28.70,32.69 2 0
github.com/sentrie-sh/sentrie/runtime/js/builtin_encoding.go:32.69,33.31 1 0
github.com/sentrie-sh/sentrie/runtime/js/builtin_encoding.go:33.31,35.4 1 0
github.com/sentrie-sh/sentrie/runtime/js/builtin_encoding.go:36.3,36.90 1 0
github.com/sentrie-sh/sentrie/runtime/js/builtin_encoding.go:39.2,39.69 1 0
github.com/sentrie-sh/sentrie/runtime/js/builtin_encoding.go:39.69,40.31 1 0
github.com/sentrie-sh/sentrie/runtime/js/builtin_encoding.go:40.31,42.4 1 0
github.com/sentrie-sh/sentrie/runtime/js/builtin_encoding.go:43.3,44.17 2 0
github.com/sentrie-sh/sentrie/runtime/js/builtin_encoding.go:44.17,46.4 1 0
github.com/sentrie-sh/sentrie/runtime/js/builtin_encoding.go:47.3,47.37 1 0
github.com/sentrie-sh/sentrie/runtime/js/builtin_encoding.go:50.2,50.72 1 0
github.com/sentrie-sh/sentrie/runtime/js/builtin_encoding.go:50.72,51.31 1 0
github.com/sentrie-sh/sentrie/runtime/js/builtin_encoding.go:51.31,53.4 1 0
github.com/sentrie-sh/sentrie/runtime/js/builtin_encoding.go:54.3,54.90 1 0
github.com/sentrie-sh/sentrie/runtime/js/builtin_encoding.go:57.2,57.72 1 0
github.com/sentrie-sh/sentrie/runtime/js/builtin_encoding.go:57.72,58.31 1 0
github.com/sentrie-sh/sentrie/runtime/js/builtin_encoding.go:58.31,60.4 1 0
github.com/sentrie-sh/sentrie/runtime/js/builtin_encoding.go:61.3,62.17 2 0
github.com/sentrie-sh/sentrie/runtime/js/builtin_encoding.go:62.17,64.4 1 0
github.com/sentrie-sh/sentrie/runtime/js/builtin_encoding.go:65.3,65.37 1 0
github.com/sentrie-sh/sentrie/runtime/js/builtin_encoding.go:69.2,69.66 1 0
github.com/sentrie-sh/sentrie/runtime/js/builtin_encoding.go:69.66,70.31 1 0
github.com/sentrie-sh/sentrie/runtime/js/builtin_encoding.go:70.31,72.4 1 0
github.com/sentrie-sh/sentrie/runtime/js/builtin_encoding.go:73.3,73.75 1 0
github.com/sentrie-sh/sentrie/runtime/js/builtin_encoding.go:76.2,76.66 1 0
github.com/sentrie-sh/sentrie/runtime/js/builtin_encoding.go:76.66,77.31 1 0
github.com/sentrie-sh/sentrie/runtime/js/builtin_encoding.go:77.31,79.4 1 0
github.com/sentrie-sh/sentrie/runtime/js/builtin_encoding.go:80.3,81.17 2 0
github.com/sentrie-sh/sentrie/runtime/js/builtin_encoding.go:81.17,83.4 1 0
github.com/sentrie-sh/sentrie/runtime/js/builtin_encoding.go:84.3,84.37 1 0
github.com/sentrie-sh/sentrie/runtime/js/builtin_encoding.go:88.2,88.66 1 0
github.com/sentrie-sh/sentrie/runtime/js/builtin_encoding.go:88.66,89.31 1 0
github.com/sentrie-sh/sentrie/runtime/js/builtin_encoding.go:89.31,91.4 1 0
github.com/sentrie-sh/sentrie/runtime/js/builtin_encoding.go:92.3,92.64 1 0
github.com/sentrie-sh/sentrie/runtime/js/builtin_encoding.go:95.2,95.66 1 0
github.com/sentrie-sh/sentrie/runtime/js/builtin_encoding.go:95.66,96.31 1 0
github.com/sentrie-sh/sentrie/runtime/js/builtin_encoding.go:96.31,98.4 1 0
github.com/sentrie-sh/sentrie/runtime/js/builtin_encoding.go:99.3,100.17 2 0
github.com/sentrie-sh/sentrie/runtime/js/builtin_encoding.go:100.17,102.4 1 0
github.com/sentrie-sh/sentrie/runtime/js/builtin_encoding.go:103.3,103.29 1 0
github.com/sentrie-sh/sentrie/runtime/js/builtin_encoding.go:106.2,106.16 1 0
github.com/sentrie-sh/sentrie/runtime/js/builtin_hash.go:32.66,35.60 2 0
github.com/sentrie-sh/sentrie/runtime/js/builtin_hash.go:35.60,36.31 1 0
github.com/sentrie-sh/sentrie/runtime/js/builtin_hash.go:36.31,38.4 1 0
github.com/sentrie-sh/sentrie/runtime/js/builtin_hash.go:39.3,41.49 3 0
github.com/sentrie-sh/sentrie/runtime/js/builtin_hash.go:44.2,44.61 1 0
github.com/sentrie-sh/sentrie/runtime/js/builtin_hash.go:44.61,45.31 1 0
github.com/sentrie-sh/sentrie/runtime/js/builtin_hash.go:45.31,47.4 1 0
github.com/sentrie-sh/sentrie/runtime/js/builtin_hash.go:48.3,50.49 3 0
github.com/sentrie-sh/sentrie/runtime/js/builtin_hash.go:53.2,53.63 1 0
github.com/sentrie-sh/sentrie/runtime/js/builtin_hash.go:53.63,54.31 1 0
github.com/sentrie-sh/sentrie/runtime/js/builtin_hash.go:54.31,56.4 1 0
github.com/sentrie-sh/sentrie/runtime/js/builtin_hash.go:57.3,59.49 3 0
github.com/sentrie-sh/sentrie/runtime/js/builtin_hash.go:62.2,62.63 1 0
github.com/sentrie-sh/sentrie/runtime/js/builtin_hash.go:62.63,63.31 1 0
github.com/sentrie-sh/sentrie/runtime/js/builtin_hash.go:63.31,65.4 1 0
github.com/sentrie-sh/sentrie/runtime/js/builtin_hash.go:66.3,68.49 3 0
github.com/sentrie-sh/sentrie/runtime/js/builtin_hash.go:71.2,71.61 1 0
github.com/sentrie-sh/sentrie/runtime/js/builtin_hash.go:71.61,72.31 1 0
github.com/sentrie-sh/sentrie/runtime/js/builtin_hash.go:72.31,74.4 1 0
github.com/sentrie-sh/sentrie/runtime/js/builtin_hash.go:75.3,80.20 5 0
github.com/sentrie-sh/sentrie/runtime/js/builtin_hash.go:81.14,82.38 1 0
github.com/sentrie-sh/sentrie/runtime/js/builtin_hash.go:83.15,84.39 1 0
github.com/sentrie-sh/sentrie/runtime/js/builtin_hash.go:85.17,86.41 1 0
github.com/sentrie-sh/sentrie/runtime/js/builtin_hash.go:87.17,88.44 1 0
github.com/sentrie-sh/sentrie/runtime/js/builtin_hash.go:89.17,90.41 1 0
github.com/sentrie-sh/sentrie/runtime/js/builtin_hash.go:91.11,92.75 1 0
github.com/sentrie-sh/sentrie/runtime/js/builtin_hash.go:95.3,97.51 3 0
github.com/sentrie-sh/sentrie/runtime/js/builtin_hash.go:100.2,100.16 1 0
github.com/sentrie-sh/sentrie/runtime/js/builtin_json.go:26.66,29.64 2 0
github.com/sentrie-sh/sentrie/runtime/js/builtin_json.go:29.64,30.31 1 0
github.com/sentrie-sh/sentrie/runtime/js/builtin_json.go:30.31,32.4 1 0
github.com/sentrie-sh/sentrie/runtime/js/builtin_json.go:34.3,38.17 4 0
github.com/sentrie-sh/sentrie/runtime/js/builtin_json.go:38.17,40.4 1 0
github.com/sentrie-sh/sentrie/runtime/js/builtin_json.go:42.3,42.26 1 0
github.com/sentrie-sh/sentrie/runtime/js/builtin_json.go:45.2,45.16 1 0
github.com/sentrie-sh/sentrie/runtime/js/builtin_jwt.go:32.65,35.63 2 0
github.com/sentrie-sh/sentrie/runtime/js/builtin_jwt.go:35.63,36.57 1 0
github.com/sentrie-sh/sentrie/runtime/js/builtin_jwt.go:36.57,38.4 1 0
github.com/sentrie-sh/sentrie/runtime/js/builtin_jwt.go:39.3,41.105 3 0
github.com/sentrie-sh/sentrie/runtime/js/builtin_jwt.go:41.105,43.4 1 0
github.com/sentrie-sh/sentrie/runtime/js/builtin_jwt.go:45.3,46.22 2 0
github.com/sentrie-sh/sentrie/runtime/js/builtin_jwt.go:46.22,48.4 1 0
github.com/sentrie-sh/sentrie/runtime/js/builtin_jwt.go:51.3,52.17 2 0
github.com/sentrie-sh/sentrie/runtime/js/builtin_jwt.go:52.17,54.4 1 0
github.com/sentrie-sh/sentrie/runtime/js/builtin_jwt.go:56.3,57.62 2 0
github.com/sentrie-sh/sentrie/runtime/js/builtin_jwt.go:57.62,59.4 1 0
github.com/sentrie-sh/sentrie/runtime/js/builtin_jwt.go:62.3,63.17 2 0
github.com/sentrie-sh/sentrie/runtime/js/builtin_jwt.go:63.17,65.4 1 0
github.com/sentrie-sh/sentrie/runtime/js/builtin_jwt.go:67.3,68.64 2 0
github.com/sentrie-sh/sentrie/runtime/js/builtin_jwt.go:68.64,70.4 1 0
github.com/sentrie-sh/sentrie/runtime/js/builtin_jwt.go:73.3,73.19 1 0
github.com/sentrie-sh/sentrie/runtime/js/builtin_jwt.go:73.19,75.11 2 0
github.com/sentrie-sh/sentrie/runtime/js/builtin_jwt.go:75.11,77.5 1 0
github.com/sentrie-sh/sentrie/runtime/js/builtin_jwt.go:80.4,84.15 4 0
github.com/sentrie-sh/sentrie/runtime/js/builtin_jwt.go:85.17,86.45 1 0
github.com/sentrie-sh/sentrie/runtime/js/builtin_jwt.go:87.17,88.48 1 0
github.com/sentrie-sh/sentrie/runtime/js/builtin_jwt.go:89.17,90.45 1 0
github.com/sentrie-sh/sentrie/runtime/js/builtin_jwt.go:91.12,92.70 1 0
github.com/sentrie-sh/sentrie/runtime/js/builtin_jwt.go:95.4,98.32 3 0
github.com/sentrie-sh/sentrie/runtime/js/builtin_jwt.go:98.32,100.5 1 0
github.com/sentrie-sh/sentrie/runtime/js/builtin_jwt.go:103.3,103.29 1 0
github.com/sentrie-sh/sentrie/runtime/js/builtin_jwt.go:106.2,106.63 1 0
github.com/sentrie-sh/sentrie/runtime/js/builtin_jwt.go:106.63,107.57 1 0
github.com/sentrie-sh/sentrie/runtime/js/builtin_jwt.go:107.57,109.4 1 0
github.com/sentrie-sh/sentrie/runtime/js/builtin_jwt.go:110.3,113.105 4 0
github.com/sentrie-sh/sentrie/runtime/js/builtin_jwt.go:113.105,115.4 1 0
github.com/sentrie-sh/sentrie/runtime/js/builtin_jwt.go:117.3,118.22 2 0
github.com/sentrie-sh/sentrie/runtime/js/builtin_jwt.go:118.22,120.4 1 0
github.com/sentrie-sh/sentrie/runtime/js/builtin_jwt.go:123.3,124.17 2 0
github.com/sentrie-sh/sentrie/runtime/js/builtin_jwt.go:124.17,126.4 1 0
github.com/sentrie-sh/sentrie/runtime/js/builtin_jwt.go:128.3,129.62 2 0
github.com/sentrie-sh/sentrie/runtime/js/builtin_jwt.go:129.62,131.4 1 0
github.com/sentrie-sh/sentrie/runtime/js/builtin_jwt.go:133.3,134.30 2 0
github.com/sentrie-sh/sentrie/runtime/js/builtin_jwt.go:134.30,136.4 1 0
github.com/sentrie-sh/sentrie/runtime/js/builtin_jwt.go:139.3,143.20 4 0
github.com/sentrie-sh/sentrie/runtime/js/builtin_jwt.go:144.16,145.44 1 0
github.com/sentrie-sh/sentrie/runtime/js/builtin_jwt.go:146.16,147.47 1 0
github.com/sentrie-sh/sentrie/runtime/js/builtin_jwt.go:148.16,149.44 1 0
github.com/sentrie-sh/sentrie/runtime/js/builtin_jwt.go:150.11,151.28 1 0
github.com/sentrie-sh/sentrie/runtime/js/builtin_jwt.go:154.3,157.46 3 0
github.com/sentrie-sh/sentrie/runtime/js/builtin_jwt.go:160.2,160.67 1 0
github.com/sentrie-sh/sentrie/runtime/js/builtin_jwt.go:160.67,161.31 1 0
github.com/sentrie-sh/sentrie/runtime/js/builtin_jwt.go:161.31,163.4 1 0
github.com/sentrie-sh/sentrie/runtime/js/builtin_jwt.go:164.3,167.22 3 0
github.com/sentrie-sh/sentrie/runtime/js/builtin_jwt.go:167.22,169.4 1 0
github.com/sentrie-sh/sentrie/runtime/js/builtin_jwt.go:172.3,173.17 2 0
github.com/sentrie-sh/sentrie/runtime/js/builtin_jwt.go:173.17,175.4 1 0
github.com/sentrie-sh/sentrie/runtime/js/builtin_jwt.go:177.3,178.59 2 0
github.com/sentrie-sh/sentrie/runtime/js/builtin_jwt.go:178.59,180.4 1 0
github.com/sentrie-sh/sentrie/runtime/js/builtin_jwt.go:182.3,182.29 1 0
github.com/sentrie-sh/sentrie/runtime/js/builtin_jwt.go:185.2,185.66 1 0
github.com/sentrie-sh/sentrie/runtime/js/builtin_jwt.go:185.66,186.31 1 0
github.com/sentrie-sh/sentrie/runtime/js/builtin_jwt.go:186.31,188.4 1 0
github.com/sentrie-sh/sentrie/runtime/js/builtin_jwt.go:189.3,192.22 3 0
github.com/sentrie-sh/sentrie/runtime/js/builtin_jwt.go:192.22,194.4 1 0
github.com/sentrie-sh/sentrie/runtime/js/builtin_jwt.go:197.3,198.17 2 0
github.com/sentrie-sh/sentrie/runtime/js/builtin_jwt.go:198.17,200.4 1 0
github.com/sentrie-sh/sentrie/runtime/js/builtin_jwt.go:202.3,203.58 2 0
github.com/sentrie-sh/sentrie/runtime/js/builtin_jwt.go:203.58,205.4 1 0
github.com/sentrie-sh/sentrie/runtime/js/builtin_jwt.go:207.3,207.28 1 0
github.com/sentrie-sh/sentrie/runtime/js/builtin_jwt.go:210.2,210.16 1 0
github.com/sentrie-sh/sentrie/runtime/js/builtin_math.go:23.66,28.2 2 0
github.com/sentrie-sh/sentrie/runtime/js/builtin_net.go:27.65,30.69 2 0
github.com/sentrie-sh/sentrie/runtime/js/builtin_net.go:30.69,31.31 1 0
github.com/sentrie-sh/sentrie/runtime/js/builtin_net.go:31.31,33.4 1 0
github.com/sentrie-sh/sentrie/runtime/js/builtin_net.go:34.3,38.17 4 0
github.com/sentrie-sh/sentrie/runtime/js/builtin_net.go:38.17,40.4 1 0
github.com/sentrie-sh/sentrie/runtime/js/builtin_net.go:42.3,44.67 2 0
github.com/sentrie-sh/sentrie/runtime/js/builtin_net.go:44.67,46.4 1 0
github.com/sentrie-sh/sentrie/runtime/js/builtin_net.go:46.9,48.17 2 0
github.com/sentrie-sh/sentrie/runtime/js/builtin_net.go:48.17,50.5 1 0
github.com/sentrie-sh/sentrie/runtime/js/builtin_net.go:53.3,53.42 1 0
github.com/sentrie-sh/sentrie/runtime/js/builtin_net.go:56.2,56.71 1 0
github.com/sentrie-sh/sentrie/runtime/js/builtin_net.go:56.71,57.31 1 0
github.com/sentrie-sh/sentrie/runtime/js/builtin_net.go:57.31,59.4 1 0
github.com/sentrie-sh/sentrie/runtime/js/builtin_net.go:60.3,64.17 4 0
github.com/sentrie-sh/sentrie/runtime/js/builtin_net.go:64.17,66.4 1 0
github.com/sentrie-sh/sentrie/runtime/js/builtin_net.go:68.3,69.17 2 0
github.com/sentrie-sh/sentrie/runtime/js/builtin_net.go:69.17,71.4 1 0
github.com/sentrie-sh/sentrie/runtime/js/builtin_net.go:74.3,75.32 2 0
github.com/sentrie-sh/sentrie/runtime/js/builtin_net.go:78.2,78.68 1 0
github.com/sentrie-sh/sentrie/runtime/js/builtin_net.go:78.68,79.31 1 0
github.com/sentrie-sh/sentrie/runtime/js/builtin_net.go:79.31,81.4 1 0
github.com/sentrie-sh/sentrie/runtime/js/builtin_net.go:82.3,85.17 3 0
github.com/sentrie-sh/sentrie/runtime/js/builtin_net.go:85.17,87.4 1 0
github.com/sentrie-sh/sentrie/runtime/js/builtin_net.go:88.3,88.26 1 0
github.com/sentrie-sh/sentrie/runtime/js/builtin_net.go:91.2,91.67 1 0
github.com/sentrie-sh/sentrie/runtime/js/builtin_net.go:91.67,92.31 1 0
github.com/sentrie-sh/sentrie/runtime/js/builtin_net.go:92.31,94.4 1 0
github.com/sentrie-sh/sentrie/runtime/js/builtin_net.go:95.3,98.17 3 0
github.com/sentrie-sh/sentrie/runtime/js/builtin_net.go:98.17,100.4 1 0
github.com/sentrie-sh/sentrie/runtime/js/builtin_net.go:102.3,103.62 2 0
github.com/sentrie-sh/sentrie/runtime/js/builtin_net.go:103.62,105.4 1 0
github.com/sentrie-sh/sentrie/runtime/js/builtin_net.go:107.3,107.27 1 0
github.com/sentrie-sh/sentrie/runtime/js/builtin_net.go:110.2,110.66 1 0
github.com/sentrie-sh/sentrie/runtime/js/builtin_net.go:110.66,111.31 1 0
github.com/sentrie-sh/sentrie/runtime/js/builtin_net.go:111.31,113.4 1 0
github.com/sentrie-sh/sentrie/runtime/js/builtin_net.go:115.3,120.36 4 0
github.com/sentrie-sh/sentrie/runtime/js/builtin_net.go:121.22,122.27 1 0
github.com/sentrie-sh/sentrie/runtime/js/builtin_net.go:122.27,123.37 1 0
github.com/sentrie-sh/sentrie/runtime/js/builtin_net.go:123.37,125.6 1 0
github.com/sentrie-sh/sentrie/runtime/js/builtin_net.go:127.17,128.13 1 0
github.com/sentrie-sh/sentrie/runtime/js/builtin_net.go:129.11,130.80 1 0
github.com/sentrie-sh/sentrie/runtime/js/builtin_net.go:134.3,135.30 2 0
github.com/sentrie-sh/sentrie/runtime/js/builtin_net.go:135.30,137.18 2 0
github.com/sentrie-sh/sentrie/runtime/js/builtin_net.go:137.18,140.19 2 0
github.com/sentrie-sh/sentrie/runtime/js/builtin_net.go:140.19,142.6 1 0
github.com/sentrie-sh/sentrie/runtime/js/builtin_net.go:143.5,143.17 1 0
github.com/sentrie-sh/sentrie/runtime/js/builtin_net.go:143.17,145.6 1 0
github.com/sentrie-sh/sentrie/runtime/js/builtin_net.go:145.11,147.6 1 0
github.com/sentrie-sh/sentrie/runtime/js/builtin_net.go:149.4,149.41 1 0
github.com/sentrie-sh/sentrie/runtime/js/builtin_net.go:155.3,158.28 3 0
github.com/sentrie-sh/sentrie/runtime/js/builtin_net.go:158.28,160.4 1 0
github.com/sentrie-sh/sentrie/runtime/js/builtin_net.go:162.3,162.28 1 0
github.com/sentrie-sh/sentrie/runtime/js/builtin_net.go:165.2,165.64 1 0
github.com/sentrie-sh/sentrie/runtime/js/builtin_net.go:165.64,166.31 1 0
github.com/sentrie-sh/sentrie/runtime/js/builtin_net.go:166.31,168.4 1 0
github.com/sentrie-sh/sentrie/runtime/js/builtin_net.go:169.3,172.16 3 0
github.com/sentrie-sh/sentrie/runtime/js/builtin_net.go:172.16,174.4 1 0
github.com/sentrie-sh/sentrie/runtime/js/builtin_net.go:175.3,175.33 1 0
github.com/sentrie-sh/sentrie/runtime/js/builtin_net.go:178.2,178.63 1 0
github.com/sentrie-sh/sentrie/runtime/js/builtin_net.go:178.63,179.31 1 0
github.com/sentrie-sh/sentrie/runtime/js/builtin_net.go:179.31,181.4 1 0
github.com/sentrie-sh/sentrie/runtime/js/builtin_net.go:182.3,185.16 3 0
github.com/sentrie-sh/sentrie/runtime/js/builtin_net.go:185.16,187.4 1 0
github.com/sentrie-sh/sentrie/runtime/js/builtin_net.go:188.3,188.37 1 0
github.com/sentrie-sh/sentrie/runtime/js/builtin_net.go:191.2,191.63 1 0
github.com/sentrie-sh/sentrie/runtime/js/builtin_net.go:191.63,192.31 1 0
github.com/sentrie-sh/sentrie/runtime/js/builtin_net.go:192.31,194.4 1 0
github.com/sentrie-sh/sentrie/runtime/js/builtin_net.go:195.3,198.16 3 0
github.com/sentrie-sh/sentrie/runtime/js/builtin_net.go:198.16,200.4 1 0
github.com/sentrie-sh/sentrie/runtime/js/builtin_net.go:201.3,201.57 1 0
github.com/sentrie-sh/sentrie/runtime/js/builtin_net.go:204.2,204.66 1 0
github.com/sentrie-sh/sentrie/runtime/js/builtin_net.go:204.66,205.31 1 0
github.com/sentrie-sh/sentrie/runtime/js/builtin_net.go:205.31,207.4 1 0
github.com/sentrie-sh/sentrie/runtime/js/builtin_net.go:208.3,211.16 3 0
github.com/sentrie-sh/sentrie/runtime/js/builtin_net.go:211.16,213.4 1 0
github.com/sentrie-sh/sentrie/runtime/js/builtin_net.go:214.3,214.36 1 0
github.com/sentrie-sh/sentrie/runtime/js/builtin_net.go:217.2,217.65 1 0
github.com/sentrie-sh/sentrie/runtime/js/builtin_net.go:217.65,218.31 1 0
github.com/sentrie-sh/sentrie/runtime/js/builtin_net.go:218.31,220.4 1 0
github.com/sentrie-sh/sentrie/runtime/js/builtin_net.go:221.3,224.16 3 0
github.com/sentrie-sh/sentrie/runtime/js/builtin_net.go:224.16,226.4 1 0
github.com/sentrie-sh/sentrie/runtime/js/builtin_net.go:227.3,227.81 1 0
github.com/sentrie-sh/sentrie/runtime/js/builtin_net.go:230.2,230.67 1 0
github.com/sentrie-sh/sentrie/runtime/js/builtin_net.go:230.67,231.31 1 0
github.com/sentrie-sh/sentrie/runtime/js/builtin_net.go:231.31,233.4 1 0
github.com/sentrie-sh/sentrie/runtime/js/builtin_net.go:234.3,237.16 3 0
github.com/sentrie-sh/sentrie/runtime/js/builtin_net.go:237.16,239.4 1 0
github.com/sentrie-sh/sentrie/runtime/js/builtin_net.go:240.3,240.37 1 0
github.com/sentrie-sh/sentrie/runtime/js/builtin_net.go:243.2,243.68 1 0
github.com/sentrie-sh/sentrie/runtime/js/builtin_net.go:243.68,244.31 1 0
github.com/sentrie-sh/sentrie/runtime/js/builtin_net.go:244.31,246.4 1 0
github.com/sentrie-sh/sentrie/runtime/js/builtin_net.go:247.3,250.16 3 0
github.com/sentrie-sh/sentrie/runtime/js/builtin_net.go:250.16,252.4 1 0
github.com/sentrie-sh/sentrie/runtime/js/builtin_net.go:253.3,253.38 1 0
github.com/sentrie-sh/sentrie/runtime/js/builtin_net.go:256.2,256.16 1 0
github.com/sentrie-sh/sentrie/runtime/js/builtin_net.go:260.21,261.36 1 0
github.com/sentrie-sh/sentrie/runtime/js/builtin_net.go:261.36,263.16 2 0
github.com/sentrie-sh/sentrie/runtime/js/builtin_net.go:263.16,264.9 1 0
github.com/sentrie-sh/sentrie/runtime/js/builtin_net.go:271.63,272.24 1 0
github.com/sentrie-sh/sentrie/runtime/js/builtin_net.go:272.24,274.3 1 0
github.com/sentrie-sh/sentrie/runtime/js/builtin_net.go:277.2,279.29 3 0
github.com/sentrie-sh/sentrie/runtime/js/builtin_net.go:279.29,280.15 1 0
github.com/sentrie-sh/sentrie/runtime/js/builtin_net.go:280.15,283.4 2 0
github.com/sentrie-sh/sentrie/runtime/js/builtin_net.go:291.2,291.15 1 0
github.com/sentrie-sh/sentrie/runtime/js/builtin_regex.go:35.63,37.48 2 0
github.com/sentrie-sh/sentrie/runtime/js/builtin_regex.go:37.48,40.3 2 0
github.com/sentrie-sh/sentrie/runtime/js/builtin_regex.go:41.2,47.48 4 0
github.com/sentrie-sh/sentrie/runtime/js/builtin_regex.go:47.48,49.3 1 0
github.com/sentrie-sh/sentrie/runtime/js/builtin_regex.go:51.2,52.16 2 0
github.com/sentrie-sh/sentrie/runtime/js/builtin_regex.go:52.16,54.3 1 0
github.com/sentrie-sh/sentrie/runtime/js/builtin_regex.go:56.2,57.16 2 0
github.com/sentrie-sh/sentrie/runtime/js/builtin_regex.go:60.67,63.62 2 0
github.com/sentrie-sh/sentrie/runtime/js/builtin_regex.go:63.62,64.31 1 0
github.com/sentrie-sh/sentrie/runtime/js/builtin_regex.go:64.31,66.4 1 0
github.com/sentrie-sh/sentrie/runtime/js/builtin_regex.go:67.3,71.17 4 0
github.com/sentrie-sh/sentrie/runtime/js/builtin_regex.go:71.17,73.4 1 0
github.com/sentrie-sh/sentrie/runtime/js/builtin_regex.go:74.3,74.41 1 0
github.com/sentrie-sh/sentrie/runtime/js/builtin_regex.go:77.2,77.61 1 0
github.com/sentrie-sh/sentrie/runtime/js/builtin_regex.go:77.61,78.31 1 0
github.com/sentrie-sh/sentrie/runtime/js/builtin_regex.go:78.31,80.4 1 0
github.com/sentrie-sh/sentrie/runtime/js/builtin_regex.go:81.3,85.17 4 0
github.com/sentrie-sh/sentrie/runtime/js/builtin_regex.go:85.17,87.4 1 0
github.com/sentrie-sh/sentrie/runtime/js/builtin_regex.go:88.3,89.18 2 0
github.com/sentrie-sh/sentrie/runtime/js/builtin_regex.go:89.18,91.4 1 0
github.com/sentrie-sh/sentrie/runtime/js/builtin_regex.go:92.3,92.27 1 0
github.com/sentrie-sh/sentrie/runtime/js/builtin_regex.go:95.2,95.64 1 0
github.com/sentrie-sh/sentrie/runtime/js/builtin_regex.go:95.64,96.31 1 0
github.com/sentrie-sh/sentrie/runtime/js/builtin_regex.go:96.31,98.4 1 0
github.com/sentrie-sh/sentrie/runtime/js/builtin_regex.go:99.3,103.17 4 0
github.com/sentrie-sh/sentrie/runtime/js/builtin_regex.go:103.17,105.4 1 0
github.com/sentrie-sh/sentrie/runtime/js/builtin_regex.go:106.3,107.29 2 0
github.com/sentrie-sh/sentrie/runtime/js/builtin_regex.go:110.2,110.64 1 0
github.com/sentrie-sh/sentrie/runtime/js/builtin_regex.go:110.64,111.31 1 0
github.com/sentrie-sh/sentrie/runtime/js/builtin_regex.go:111.31,113.4 1 0
github.com/sentrie-sh/sentrie/runtime/js/builtin_regex.go:114.3,119.17 5 0
github.com/sentrie-sh/sentrie/runtime/js/builtin_regex.go:119.17,121.4 1 0
github.com/sentrie-sh/sentrie/runtime/js/builtin_regex.go:122.3,123.28 2 0
github.com/sentrie-sh/sentrie/runtime/js/builtin_regex.go:126.2,126.67 1 0
github.com/sentrie-sh/sentrie/runtime/js/builtin_regex.go:126.67,127.31 1 0
github.com/sentrie-sh/sentrie/runtime/js/builtin_regex.go:127.31,129.4 1 0
github.com/sentrie-sh/sentrie/runtime/js/builtin_regex.go:130.3,135.17 5 0
github.com/sentrie-sh/sentrie/runtime/js/builtin_regex.go:135.17,137.4 1 0
github.com/sentrie-sh/sentrie/runtime/js/builtin_regex.go:138.3,139.28 2 0
github.com/sentrie-sh/sentrie/runtime/js/builtin_regex.go:142.2,142.62 1 0
github.com/sentrie-sh/sentrie/runtime/js/builtin_regex.go:142.62,143.31 1 0
github.com/sentrie-sh/sentrie/runtime/js/builtin_regex.go:143.31,145.4 1 0
github.com/sentrie-sh/sentrie/runtime/js/builtin_regex.go:146.3,150.17 4 0
github.com/sentrie-sh/sentrie/runtime/js/builtin_regex.go:150.17,152.4 1 0
github.com/sentrie-sh/sentrie/runtime/js/builtin_regex.go:153.3,154.27 2 0
github.com/sentrie-sh/sentrie/runtime/js/builtin_regex.go:157.2,157.16 1 0
github.com/sentrie-sh/sentrie/runtime/js/builtin_semver.go:26.68,29.64 2 0
github.com/sentrie-sh/sentrie/runtime/js/builtin_semver.go:29.64,30.31 1 0
github.com/sentrie-sh/sentrie/runtime/js/builtin_semver.go:30.31,32.4 1 0
github.com/sentrie-sh/sentrie/runtime/js/builtin_semver.go:34.3,38.17 4 0
github.com/sentrie-sh/sentrie/runtime/js/builtin_semver.go:38.17,40.4 1 0
github.com/sentrie-sh/sentrie/runtime/js/builtin_semver.go:42.3,43.17 2 0
github.com/sentrie-sh/sentrie/runtime/js/builtin_semver.go:43.17,45.4 1 0
github.com/sentrie-sh/sentrie/runtime/js/builtin_semver.go:47.3,48.28 2 0
github.com/sentrie-sh/sentrie/runtime/js/builtin_semver.go:51.2,51.64 1 0
github.com/sentrie-sh/sentrie/runtime/js/builtin_semver.go:51.64,52.31 1 0
github.com/sentrie-sh/sentrie/runtime/js/builtin_semver.go:52.31,54.4 1 0
github.com/sentrie-sh/sentrie/runtime/js/builtin_semver.go:56.3,59.17 3 0
github.com/sentrie-sh/sentrie/runtime/js/builtin_semver.go:59.17,61.4 1 0
github.com/sentrie-sh/sentrie/runtime/js/builtin_semver.go:63.3,63.26 1 0
github.com/sentrie-sh/sentrie/runtime/js/builtin_semver.go:66.2,66.68 1 0
github.com/sentrie-sh/sentrie/runtime/js/builtin_semver.go:66.68,67.31 1 0
github.com/sentrie-sh/sentrie/runtime/js/builtin_semver.go:67.31,69.4 1 0
github.com/sentrie-sh/sentrie/runtime/js/builtin_semver.go:71.3,74.76 2 0
github.com/sentrie-sh/sentrie/runtime/js/builtin_semver.go:74.76,76.4 1 0
github.com/sentrie-sh/sentrie/runtime/js/builtin_semver.go:78.3,78.32 1 0
github.com/sentrie-sh/sentrie/runtime/js/builtin_semver.go:81.2,81.66 1 0
github.com/sentrie-sh/sentrie/runtime/js/builtin_semver.go:81.66,82.31 1 0
github.com/sentrie-sh/sentrie/runtime/js/builtin_semver.go:82.31,84.4 1 0
github.com/sentrie-sh/sentrie/runtime/js/builtin_semver.go:86.3,90.17 4 0
github.com/sentrie-sh/sentrie/runtime/js/builtin_semver.go:90.17,92.4 1 0
github.com/sentrie-sh/sentrie/runtime/js/builtin_semver.go:94.3,95.17 2 0
github.com/sentrie-sh/sentrie/runtime/js/builtin_semver.go:95.17,97.4 1 0
github.com/sentrie-sh/sentrie/runtime/js/builtin_semver.go:99.3,99.47 1 0
github.com/sentrie-sh/sentrie/runtime/js/builtin_semver.go:102.2,102.62 1 0
github.com/sentrie-sh/sentrie/runtime/js/builtin_semver.go:102.62,103.31 1 0
github.com/sentrie-sh/sentrie/runtime/js/builtin_semver.go:103.31,105.4 1 0
github.com/sentrie-sh/sentrie/runtime/js/builtin_semver.go:107.3,110.17 3 0
github.com/sentrie-sh/sentrie/runtime/js/builtin_semver.go:110.17,112.4 1 0
github.com/sentrie-sh/sentrie/runtime/js/builtin_semver.go:114.3,114.44 1 0
github.com/sentrie-sh/sentrie/runtime/js/builtin_semver.go:117.2,117.62 1 0
github.com/sentrie-sh/sentrie/runtime/js/builtin_semver.go:117.62,118.31 1 0
github.com/sentrie-sh/sentrie/runtime/js/builtin_semver.go:118.31,120.4 1 0
github.com/sentrie-sh/sentrie/runtime/js/builtin_semver.go:122.3,125.17 3 0
github.com/sentrie-sh/sentrie/runtime/js/builtin_semver.go:125.17,127.4 1 0
github.com/sentrie-sh/sentrie/runtime/js/builtin_semver.go:129.3,129.44 1 0
github.com/sentrie-sh/sentrie/runtime/js/builtin_semver.go:132.2,132.62 1 0
github.com/sentrie-sh/sentrie/runtime/js/builtin_semver.go:132.62,133.31 1 0
github.com/sentrie-sh/sentrie/runtime/js/builtin_semver.go:133.31,135.4 1 0
github.com/sentrie-sh/sentrie/runtime/js/builtin_semver.go:137.3,140.17 3 0
github.com/sentrie-sh/sentrie/runtime/js/builtin_semver.go:140.17,142.4 1 0
github.com/sentrie-sh/sentrie/runtime/js/builtin_semver.go:144.3,144.44 1 0
github.com/sentrie-sh/sentrie/runtime/js/builtin_semver.go:147.2,147.67 1 0
github.com/sentrie-sh/sentrie/runtime/js/builtin_semver.go:147.67,148.31 1 0
github.com/sentrie-sh/sentrie/runtime/js/builtin_semver.go:148.31,150.4 1 0
github.com/sentrie-sh/sentrie/runtime/js/builtin_semver.go:152.3,155.17 3 0
github.com/sentrie-sh/sentrie/runtime/js/builtin_semver.go:155.17,157.4 1 0
github.com/sentrie-sh/sentrie/runtime/js/builtin_semver.go:159.3,160.23 2 0
github.com/sentrie-sh/sentrie/runtime/js/builtin_semver.go:160.23,162.4 1 0
github.com/sentrie-sh/sentrie/runtime/js/builtin_semver.go:164.3,164.32 1 0
github.com/sentrie-sh/sentrie/runtime/js/builtin_semver.go:167.2,167.65 1 0
github.com/sentrie-sh/sentrie/runtime/js/builtin_semver.go:167.65,168.31 1 0
github.com/sentrie-sh/sentrie/runtime/js/builtin_semver.go:168.31,170.4 1 0
github.com/sentrie-sh/sentrie/runtime/js/builtin_semver.go:172.3,175.17 3 0
github.com/sentrie-sh/sentrie/runtime/js/builtin_semver.go:175.17,177.4 1 0
github.com/sentrie-sh/sentrie/runtime/js/builtin_semver.go:179.3,180.21 2 0
github.com/sentrie-sh/sentrie/runtime/js/builtin_semver.go:180.21,182.4 1 0
github.com/sentrie-sh/sentrie/runtime/js/builtin_semver.go:184.3,184.30 1 0
github.com/sentrie-sh/sentrie/runtime/js/builtin_semver.go:187.2,187.16 1 0
github.com/sentrie-sh/sentrie/runtime/js/builtin_string.go:23.68,28.2 2 0
github.com/sentrie-sh/sentrie/runtime/js/builtin_time.go:27.66,38.60 8 0
github.com/sentrie-sh/sentrie/runtime/js/builtin_time.go:38.60,39.30 1 0
github.com/sentrie-sh/sentrie/runtime/js/builtin_time.go:39.30,41.4 1 0
github.com/sentrie-sh/sentrie/runtime/js/builtin_time.go:44.3,45.93 2 0
github.com/sentrie-sh/sentrie/runtime/js/builtin_time.go:45.93,47.4 1 0
github.com/sentrie-sh/sentrie/runtime/js/builtin_time.go:50.3,50.39 1 0
github.com/sentrie-sh/sentrie/runtime/js/builtin_time.go:53.2,53.62 1 0
github.com/sentrie-sh/sentrie/runtime/js/builtin_time.go:53.62,54.31 1 0
github.com/sentrie-sh/sentrie/runtime/js/builtin_time.go:54.31,56.4 1 0
github.com/sentrie-sh/sentrie/runtime/js/builtin_time.go:57.3,61.17 3 0
github.com/sentrie-sh/sentrie/runtime/js/builtin_time.go:61.17,64.18 2 0
github.com/sentrie-sh/sentrie/runtime/js/builtin_time.go:64.18,66.5 1 0
github.com/sentrie-sh/sentrie/runtime/js/builtin_time.go:69.3,69.30 1 0
github.com/sentrie-sh/sentrie/runtime/js/builtin_time.go:72.2,72.63 1 0
github.com/sentrie-sh/sentrie/runtime/js/builtin_time.go:72.63,73.31 1 0
github.com/sentrie-sh/sentrie/runtime/js/builtin_time.go:73.31,75.4 1 0
github.com/sentrie-sh/sentrie/runtime/js/builtin_time.go:76.3,82.31 5 0
github.com/sentrie-sh/sentrie/runtime/js/builtin_time.go:85.2,85.65 1 0
github.com/sentrie-sh/sentrie/runtime/js/builtin_time.go:85.65,86.31 1 0
github.com/sentrie-sh/sentrie/runtime/js/builtin_time.go:86.31,88.4 1 0
github.com/sentrie-sh/sentrie/runtime/js/builtin_time.go:89.3,91.31 3 0
github.com/sentrie-sh/sentrie/runtime/js/builtin_time.go:94.2,94.64 1 0
github.com/sentrie-sh/sentrie/runtime/js/builtin_time.go:94.64,95.31 1 0
github.com/sentrie-sh/sentrie/runtime/js/builtin_time.go:95.31,97.4 1 0
github.com/sentrie-sh/sentrie/runtime/js/builtin_time.go:98.3,100.31 3 0
github.com/sentrie-sh/sentrie/runtime/js/builtin_time.go:103.2,103.66 1 0
github.com/sentrie-sh/sentrie/runtime/js/builtin_time.go:103.66,104.31 1 0
github.com/sentrie-sh/sentrie/runtime/js/builtin_time.go:104.31,106.4 1 0
github.com/sentrie-sh/sentrie/runtime/js/builtin_time.go:107.3,110.46 4 0
github.com/sentrie-sh/sentrie/runtime/js/builtin_time.go:113.2,113.68 1 0
github.com/sentrie-sh/sentrie/runtime/js/builtin_time.go:113.68,114.31 1 0
github.com/sentrie-sh/sentrie/runtime/js/builtin_time.go:114.31,116.4 1 0
github.com/sentrie-sh/sentrie/runtime/js/builtin_time.go:117.3,121.17 4 0
github.com/sentrie-sh/sentrie/runtime/js/builtin_time.go:121.17,123.4 1 0
github.com/sentrie-sh/sentrie/runtime/js/builtin_time.go:125.3,128.35 3 0
github.com/sentrie-sh/sentrie/runtime/js/builtin_time.go:131.2,131.73 1 0
github.com/sentrie-sh/sentrie/runtime/js/builtin_time.go:131.73,132.31 1 0
github.com/sentrie-sh/sentrie/runtime/js/builtin_time.go:132.31,134.4 1 0
github.com/sentrie-sh/sentrie/runtime/js/builtin_time.go:135.3,139.17 4 0
github.com/sentrie-sh/sentrie/runtime/js/builtin_time.go:139.17,141.4 1 0
github.com/sentrie-sh/sentrie/runtime/js/builtin_time.go:143.3,146.35 3 0
github.com/sentrie-sh/sentrie/runtime/js/builtin_time.go:149.2,149.61 1 0
github.com/sentrie-sh/sentrie/runtime/js/builtin_time.go:149.61,150.31 1 0
github.com/sentrie-sh/sentrie/runtime/js/builtin_time.go:150.31,152.4 1 0
github.com/sentrie-sh/sentrie/runtime/js/builtin_time.go:153.3,154.52 2 0
github.com/sentrie-sh/sentrie/runtime/js/builtin_time.go:157.2,157.16 1 0
github.com/sentrie-sh/sentrie/runtime/js/builtin_url.go:27.65,30.62 2 0
github.com/sentrie-sh/sentrie/runtime/js/builtin_url.go:30.62,31.31 1 0
github.com/sentrie-sh/sentrie/runtime/js/builtin_url.go:31.31,33.4 1 0
github.com/sentrie-sh/sentrie/runtime/js/builtin_url.go:34.3,37.17 3 0
github.com/sentrie-sh/sentrie/runtime/js/builtin_url.go:37.17,39.4 1 0
github.com/sentrie-sh/sentrie/runtime/js/builtin_url.go:41.3,49.16 8 0
github.com/sentrie-sh/sentrie/runtime/js/builtin_url.go:52.2,52.61 1 0
github.com/sentrie-sh/sentrie/runtime/js/builtin_url.go:52.61,53.31 1 0
github.com/sentrie-sh/sentrie/runtime/js/builtin_url.go:53.31,55.4 1 0
github.com/sentrie-sh/sentrie/runtime/js/builtin_url.go:58.3,59.44 2 0
github.com/sentrie-sh/sentrie/runtime/js/builtin_url.go:59.44,60.79 1 0
github.com/sentrie-sh/sentrie/runtime/js/builtin_url.go:60.79,62.5 1 0
github.com/sentrie-sh/sentrie/runtime/js/builtin_url.go:65.3,65.22 1 0
github.com/sentrie-sh/sentrie/runtime/js/builtin_url.go:65.22,67.4 1 0
github.com/sentrie-sh/sentrie/runtime/js/builtin_url.go:70.3,71.17 2 0
github.com/sentrie-sh/sentrie/runtime/js/builtin_url.go:71.17,73.4 1 0
github.com/sentrie-sh/sentrie/runtime/js/builtin_url.go:76.3,76.35 1 0
github.com/sentrie-sh/sentrie/runtime/js/builtin_url.go:76.35,78.18 2 0
github.com/sentrie-sh/sentrie/runtime/js/builtin_url.go:78.18,80.5 1 0
github.com/sentrie-sh/sentrie/runtime/js/builtin_url.go:81.4,81.42 1 0
github.com/sentrie-sh/sentrie/runtime/js/builtin_url.go:84.3,84.35 1 0
github.com/sentrie-sh/sentrie/runtime/js/builtin_url.go:87.2,87.64 1 0
github.com/sentrie-sh/sentrie/runtime/js/builtin_url.go:87.64,88.31 1 0
github.com/sentrie-sh/sentrie/runtime/js/builtin_url.go:88.31,90.4 1 0
github.com/sentrie-sh/sentrie/runtime/js/builtin_url.go:91.3,94.17 3 0
github.com/sentrie-sh/sentrie/runtime/js/builtin_url.go:94.17,96.4 1 0
github.com/sentrie-sh/sentrie/runtime/js/builtin_url.go:98.3,98.33 1 0
github.com/sentrie-sh/sentrie/runtime/js/builtin_url.go:101.2,101.64 1 0
github.com/sentrie-sh/sentrie/runtime/js/builtin_url.go:101.64,102.31 1 0
github.com/sentrie-sh/sentrie/runtime/js/builtin_url.go:102.31,104.4 1 0
github.com/sentrie-sh/sentrie/runtime/js/builtin_url.go:105.3,108.17 3 0
github.com/sentrie-sh/sentrie/runtime/js/builtin_url.go:108.17,110.4 1 0
github.com/sentrie-sh/sentrie/runtime/js/builtin_url.go:112.3,112.33 1 0
github.com/sentrie-sh/sentrie/runtime/js/builtin_url.go:115.2,115.65 1 0
github.com/sentrie-sh/sentrie/runtime/js/builtin_url.go:115.65,116.31 1 0
github.com/sentrie-sh/sentrie/runtime/js/builtin_url.go:116.31,118.4 1 0
github.com/sentrie-sh/sentrie/runtime/js/builtin_url.go:119.3,122.17 3 0
github.com/sentrie-sh/sentrie/runtime/js/builtin_url.go:122.17,124.4 1 0
github.com/sentrie-sh/sentrie/runtime/js/builtin_url.go:126.3,126.37 1 0
github.com/sentrie-sh/sentrie/runtime/js/builtin_url.go:129.2,129.64 1 0
github.com/sentrie-sh/sentrie/runtime/js/builtin_url.go:129.64,130.31 1 0
github.com/sentrie-sh/sentrie/runtime/js/builtin_url.go:130.31,132.4 1 0
github.com/sentrie-sh/sentrie/runtime/js/builtin_url.go:133.3,136.17 3 0
github.com/sentrie-sh/sentrie/runtime/js/builtin_url.go:136.17,138.4 1 0
github.com/sentrie-sh/sentrie/runtime/js/builtin_url.go:142.3,143.29 2 0
github.com/sentrie-sh/sentrie/runtime/js/builtin_url.go:146.2,146.16 1 0
github.com/sentrie-sh/sentrie/runtime/js/builtin_uuid.go:24.66,27.59 2 0
github.com/sentrie-sh/sentrie/runtime/js/builtin_uuid.go:27.59,29.3 1 0
github.com/sentrie-sh/sentrie/runtime/js/builtin_uuid.go:31.2,31.59 1 0
github.com/sentrie-sh/sentrie/runtime/js/builtin_uuid.go:31.59,33.17 2 0
github.com/sentrie-sh/sentrie/runtime/js/builtin_uuid.go:33.17,35.4 1 0
github.com/sentrie-sh/sentrie/runtime/js/builtin_uuid.go:36.3,36.33 1 0
github.com/sentrie-sh/sentrie/runtime/js/builtin_uuid.go:39.2,39.59 1 0
github.com/sentrie-sh/sentrie/runtime/js/builtin_uuid.go:39.59,41.17 2 0
github.com/sentrie-sh/sentrie/runtime/js/builtin_uuid.go:41.17,43.4 1 0
github.com/sentrie-sh/sentrie/runtime/js/builtin_uuid.go:44.3,44.33 1 0
github.com/sentrie-sh/sentrie/runtime/js/builtin_uuid.go:47.2,47.16 1 0
github.com/sentrie-sh/sentrie/runtime/js/registry.go:64.45,71.2 1 1
github.com/sentrie-sh/sentrie/runtime/js/registry.go:73.76,75.2 1 1
github.com/sentrie-sh/sentrie/runtime/js/registry.go:77.61,79.2 1 1
github.com/sentrie-sh/sentrie/runtime/js/registry.go:82.132,83.22 1 1
github.com/sentrie-sh/sentrie/runtime/js/registry.go:83.22,84.21 1 1
github.com/sentrie-sh/sentrie/runtime/js/registry.go:85.26,87.33 2 1
github.com/sentrie-sh/sentrie/runtime/js/registry.go:88.16,91.52 3 0
github.com/sentrie-sh/sentrie/runtime/js/registry.go:92.11,94.81 1 0
github.com/sentrie-sh/sentrie/runtime/js/registry.go:98.2,99.16 2 0
github.com/sentrie-sh/sentrie/runtime/js/registry.go:99.16,101.3 1 0
github.com/sentrie-sh/sentrie/runtime/js/registry.go:102.2,102.35 1 0
github.com/sentrie-sh/sentrie/runtime/js/registry.go:106.93,111.16 3 0
github.com/sentrie-sh/sentrie/runtime/js/registry.go:111.16,113.3 1 0
github.com/sentrie-sh/sentrie/runtime/js/registry.go:116.2,116.47 1 0
github.com/sentrie-sh/sentrie/runtime/js/registry.go:116.47,118.3 1 0
github.com/sentrie-sh/sentrie/runtime/js/registry.go:120.2,121.43 2 0
github.com/sentrie-sh/sentrie/runtime/js/registry.go:125.106,126.56 1 0
github.com/sentrie-sh/sentrie/runtime/js/registry.go:126.56,128.3 1 0
github.com/sentrie-sh/sentrie/runtime/js/registry.go:130.2,130.40 1 0
github.com/sentrie-sh/sentrie/runtime/js/registry.go:130.40,132.3 1 0
github.com/sentrie-sh/sentrie/runtime/js/registry.go:134.2,134.66 1 0
github.com/sentrie-sh/sentrie/runtime/js/registry.go:134.66,136.17 2 0
github.com/sentrie-sh/sentrie/runtime/js/registry.go:136.17,138.4 1 0
github.com/sentrie-sh/sentrie/runtime/js/registry.go:139.3,139.51 1 0
github.com/sentrie-sh/sentrie/runtime/js/registry.go:143.2,143.76 1 0
github.com/sentrie-sh/sentrie/runtime/js/registry.go:146.87,148.32 2 1
github.com/sentrie-sh/sentrie/runtime/js/registry.go:148.32,151.3 2 0
github.com/sentrie-sh/sentrie/runtime/js/registry.go:152.2,156.32 4 1
github.com/sentrie-sh/sentrie/runtime/js/registry.go:156.32,158.3 1 0
github.com/sentrie-sh/sentrie/runtime/js/registry.go:160.2,166.13 2 1
github.com/sentrie-sh/sentrie/runtime/js/registry.go:166.13,168.38 1 1
github.com/sentrie-sh/sentrie/runtime/js/registry.go:168.38,170.4 1 1
github.com/sentrie-sh/sentrie/runtime/js/registry.go:170.9,170.51 1 1
github.com/sentrie-sh/sentrie/runtime/js/registry.go:170.51,173.4 1 1
github.com/sentrie-sh/sentrie/runtime/js/registry.go:174.8,175.31 1 0
github.com/sentrie-sh/sentrie/runtime/js/registry.go:175.31,176.59 1 0
github.com/sentrie-sh/sentrie/runtime/js/registry.go:176.59,178.5 1 0
github.com/sentrie-sh/sentrie/runtime/js/registry.go:178.10,178.68 1 0
github.com/sentrie-sh/sentrie/runtime/js/registry.go:178.68,180.5 1 0
github.com/sentrie-sh/sentrie/runtime/js/registry.go:182.3,182.16 1 0
github.com/sentrie-sh/sentrie/runtime/js/registry.go:185.2,185.66 1 1
github.com/sentrie-sh/sentrie/runtime/js/registry.go:185.66,187.3 1 0
github.com/sentrie-sh/sentrie/runtime/js/registry.go:189.2,190.10 2 1
github.com/sentrie-sh/sentrie/runtime/js/registry.go:194.104,196.16 2 1
github.com/sentrie-sh/sentrie/runtime/js/registry.go:196.16,198.3 1 0
github.com/sentrie-sh/sentrie/runtime/js/registry.go:199.2,201.16 2 1
github.com/sentrie-sh/sentrie/runtime/js/registry.go:201.16,203.3 1 0
github.com/sentrie-sh/sentrie/runtime/js/registry.go:206.2,207.17 2 1
github.com/sentrie-sh/sentrie/runtime/js/registry.go:211.69,212.30 1 1
github.com/sentrie-sh/sentrie/runtime/js/registry.go:212.30,215.3 1 0
github.com/sentrie-sh/sentrie/runtime/js/registry.go:216.2,216.19 1 1
github.com/sentrie-sh/sentrie/runtime/js/registry.go:216.19,218.16 2 1
github.com/sentrie-sh/sentrie/runtime/js/registry.go:218.16,220.17 2 1
github.com/sentrie-sh/sentrie/runtime/js/registry.go:220.17,223.5 2 0
github.com/sentrie-sh/sentrie/runtime/js/registry.go:224.9,226.18 2 0
github.com/sentrie-sh/sentrie/runtime/js/registry.go:226.18,229.5 2 0
github.com/sentrie-sh/sentrie/runtime/js/registry.go:230.4,230.19 1 0
github.com/sentrie-sh/sentrie/runtime/js/registry.go:233.3,234.17 2 1
github.com/sentrie-sh/sentrie/runtime/js/registry.go:234.17,237.4 2 0
github.com/sentrie-sh/sentrie/runtime/js/registry.go:238.3,241.17 4 1
github.com/sentrie-sh/sentrie/runtime/js/registry.go:241.17,244.4 2 0
github.com/sentrie-sh/sentrie/runtime/js/registry.go:245.3,250.18 4 1
github.com/sentrie-sh/sentrie/runtime/js/registry.go:250.18,253.4 2 0
github.com/sentrie-sh/sentrie/runtime/js/registry.go:254.3,254.18 1 1
github.com/sentrie-sh/sentrie/runtime/js/registry.go:256.2,256.25 1 1
github.com/sentrie-sh/sentrie/runtime/js/registry.go:259.41,260.17 1 1
github.com/sentrie-sh/sentrie/runtime/js/registry.go:260.17,262.3 1 1
github.com/sentrie-sh/sentrie/runtime/js/registry.go:263.2,263.15 1 0
github.com/sentrie-sh/sentrie/runtime/js/registry.go:267.75,269.16 2 0
github.com/sentrie-sh/sentrie/runtime/js/registry.go:269.16,271.3 1 0
github.com/sentrie-sh/sentrie/runtime/js/registry.go:272.2,273.16 2 0
github.com/sentrie-sh/sentrie/runtime/js/registry.go:273.16,275.3 1 0
github.com/sentrie-sh/sentrie/runtime/js/registry.go:276.2,277.17 2 0
github.com/sentrie-sh/sentrie/runtime/js/stdlib.go:27.85,28.53 1 0
github.com/sentrie-sh/sentrie/runtime/js/stdlib.go:28.53,30.3 1 0
github.com/sentrie-sh/sentrie/runtime/js/stdlib.go:31.2,31.12 1 0
github.com/sentrie-sh/sentrie/runtime/js/stdlib_env.go:27.86,31.34 2 0
github.com/sentrie-sh/sentrie/runtime/js/stdlib_env.go:31.34,33.13 2 0
github.com/sentrie-sh/sentrie/runtime/js/stdlib_env.go:33.13,34.12 1 0
github.com/sentrie-sh/sentrie/runtime/js/stdlib_env.go:37.3,37.85 1 0
github.com/sentrie-sh/sentrie/runtime/js/stdlib_env.go:37.85,38.46 1 0
github.com/sentrie-sh/sentrie/runtime/js/stdlib_env.go:38.46,40.5 1 0
github.com/sentrie-sh/sentrie/runtime/js/stdlib_env.go:44.2,44.46 1 0
github.com/sentrie-sh/sentrie/runtime/js/stdlib_env.go:44.46,46.3 1 0
github.com/sentrie-sh/sentrie/runtime/js/stdlib_env.go:47.2,47.12 1 0
github.com/sentrie-sh/sentrie/runtime/js/tscompile.go:32.36,33.20 1 1
github.com/sentrie-sh/sentrie/runtime/js/tscompile.go:33.20,35.3 1 1
github.com/sentrie-sh/sentrie/runtime/js/tscompile.go:36.2,37.72 2 0
github.com/sentrie-sh/sentrie/runtime/js/tscompile.go:40.78,42.18 2 1
github.com/sentrie-sh/sentrie/runtime/js/tscompile.go:42.18,44.3 1 1
github.com/sentrie-sh/sentrie/runtime/js/tscompile.go:46.2,61.25 2 1
github.com/sentrie-sh/sentrie/runtime/js/tscompile.go:61.25,63.3 1 0
github.com/sentrie-sh/sentrie/runtime/js/tscompile.go:64.2,64.75 1 1
github.com/sentrie-sh/sentrie/runtime/js/tscompile.go:74.35,76.2 1 1
github.com/sentrie-sh/sentrie/runtime/builtins.go:29.33,31.2 1 1
github.com/sentrie-sh/sentrie/runtime/builtins.go:33.36,35.9 2 1
github.com/sentrie-sh/sentrie/runtime/builtins.go:35.9,37.3 1 1
github.com/sentrie-sh/sentrie/runtime/builtins.go:38.2,38.23 1 1
github.com/sentrie-sh/sentrie/runtime/builtins.go:42.65,43.20 1 1
github.com/sentrie-sh/sentrie/runtime/builtins.go:43.20,45.3 1 1
github.com/sentrie-sh/sentrie/runtime/builtins.go:47.2,48.9 2 1
github.com/sentrie-sh/sentrie/runtime/builtins.go:48.9,50.3 1 1
github.com/sentrie-sh/sentrie/runtime/builtins.go:52.2,53.9 2 1
github.com/sentrie-sh/sentrie/runtime/builtins.go:53.9,55.3 1 1
github.com/sentrie-sh/sentrie/runtime/builtins.go:57.2,57.35 1 1
github.com/sentrie-sh/sentrie/runtime/builtins.go:61.58,67.31 2 1
github.com/sentrie-sh/sentrie/runtime/builtins.go:67.31,68.50 1 1
github.com/sentrie-sh/sentrie/runtime/builtins.go:68.50,70.12 2 1
github.com/sentrie-sh/sentrie/runtime/builtins.go:72.3,72.22 1 1
github.com/sentrie-sh/sentrie/runtime/builtins.go:77.2,77.32 1 1
github.com/sentrie-sh/sentrie/runtime/builtins.go:77.32,78.46 1 1
github.com/sentrie-sh/sentrie/runtime/builtins.go:78.46,81.18 3 1
github.com/sentrie-sh/sentrie/runtime/builtins.go:81.18,83.13 2 1
github.com/sentrie-sh/sentrie/runtime/builtins.go:88.3,88.51 1 1
github.com/sentrie-sh/sentrie/runtime/builtins.go:88.51,90.12 2 0
github.com/sentrie-sh/sentrie/runtime/builtins.go:92.3,92.23 1 1
github.com/sentrie-sh/sentrie/runtime/builtins.go:95.2,95.15 1 1
github.com/sentrie-sh/sentrie/runtime/builtins.go:98.65,99.20 1 1
github.com/sentrie-sh/sentrie/runtime/builtins.go:99.20,101.3 1 1
github.com/sentrie-sh/sentrie/runtime/builtins.go:103.2,104.8 2 1
github.com/sentrie-sh/sentrie/runtime/builtins.go:104.8,106.3 1 1
github.com/sentrie-sh/sentrie/runtime/builtins.go:108.2,109.8 2 1
github.com/sentrie-sh/sentrie/runtime/builtins.go:109.8,111.3 1 1
github.com/sentrie-sh/sentrie/runtime/builtins.go:113.2,114.8 2 1
github.com/sentrie-sh/sentrie/runtime/builtins.go:114.8,116.3 1 1
github.com/sentrie-sh/sentrie/runtime/builtins.go:118.2,118.15 1 1
github.com/sentrie-sh/sentrie/runtime/builtins.go:122.65,123.20 1 1
github.com/sentrie-sh/sentrie/runtime/builtins.go:123.20,125.3 1 1
github.com/sentrie-sh/sentrie/runtime/builtins.go:127.2,127.20 1 1
github.com/sentrie-sh/sentrie/runtime/builtins.go:127.20,129.3 1 1
github.com/sentrie-sh/sentrie/runtime/builtins.go:131.2,133.47 3 1
github.com/sentrie-sh/sentrie/runtime/builtins.go:137.67,138.36 1 1
github.com/sentrie-sh/sentrie/runtime/builtins.go:138.36,140.3 1 1
github.com/sentrie-sh/sentrie/runtime/builtins.go:143.2,143.29 1 1
github.com/sentrie-sh/sentrie/runtime/builtins.go:143.29,145.3 1 1
github.com/sentrie-sh/sentrie/runtime/builtins.go:147.2,148.9 2 1
github.com/sentrie-sh/sentrie/runtime/builtins.go:148.9,150.3 1 1
github.com/sentrie-sh/sentrie/runtime/builtins.go:152.2,153.20 2 1
github.com/sentrie-sh/sentrie/runtime/builtins.go:153.20,154.30 1 1
github.com/sentrie-sh/sentrie/runtime/builtins.go:154.30,156.4 1 1
github.com/sentrie-sh/sentrie/runtime/builtins.go:157.3,158.10 2 1
github.com/sentrie-sh/sentrie/runtime/builtins.go:158.10,160.4 1 1
github.com/sentrie-sh/sentrie/runtime/builtins.go:161.3,161.12 1 1
github.com/sentrie-sh/sentrie/runtime/builtins.go:161.12,163.4 1 1
github.com/sentrie-sh/sentrie/runtime/builtins.go:164.3,164.12 1 1
github.com/sentrie-sh/sentrie/runtime/builtins.go:167.2,167.16 1 1
github.com/sentrie-sh/sentrie/runtime/builtins.go:167.16,169.3 1 1
github.com/sentrie-sh/sentrie/runtime/builtins.go:171.2,171.30 1 1
github.com/sentrie-sh/sentrie/runtime/builtins.go:175.53,176.16 1 1
github.com/sentrie-sh/sentrie/runtime/builtins.go:176.16,178.3 1 1
github.com/sentrie-sh/sentrie/runtime/builtins.go:180.2,181.25 2 1
github.com/sentrie-sh/sentrie/runtime/builtins.go:181.25,183.27 1 1
github.com/sentrie-sh/sentrie/runtime/builtins.go:183.27,185.4 1 0
github.com/sentrie-sh/sentrie/runtime/builtins.go:188.3,188.41 1 1
github.com/sentrie-sh/sentrie/runtime/builtins.go:188.41,190.42 1 1
github.com/sentrie-sh/sentrie/runtime/builtins.go:190.42,191.35 1 1
github.com/sentrie-sh/sentrie/runtime/builtins.go:191.35,193.6 1 1
github.com/sentrie-sh/sentrie/runtime/builtins.go:196.4,197.18 2 1
github.com/sentrie-sh/sentrie/runtime/builtins.go:197.18,199.5 1 0
github.com/sentrie-sh/sentrie/runtime/builtins.go:200.4,200.33 1 1
github.com/sentrie-sh/sentrie/runtime/builtins.go:200.33,202.5 1 0
github.com/sentrie-sh/sentrie/runtime/builtins.go:203.4,204.11 2 1
github.com/sentrie-sh/sentrie/runtime/builtins.go:204.11,206.5 1 0
github.com/sentrie-sh/sentrie/runtime/builtins.go:207.4,207.45 1 1
github.com/sentrie-sh/sentrie/runtime/builtins.go:208.9,211.4 1 1
github.com/sentrie-sh/sentrie/runtime/builtins.go:214.2,214.20 1 1
github.com/sentrie-sh/sentrie/runtime/builtins.go:218.71,219.20 1 1
github.com/sentrie-sh/sentrie/runtime/builtins.go:219.20,221.3 1 1
github.com/sentrie-sh/sentrie/runtime/builtins.go:224.2,224.29 1 1
github.com/sentrie-sh/sentrie/runtime/builtins.go:224.29,226.3 1 1
github.com/sentrie-sh/sentrie/runtime/builtins.go:228.2,229.9 2 1
github.com/sentrie-sh/sentrie/runtime/builtins.go:229.9,231.3 1 1
github.com/sentrie-sh/sentrie/runtime/builtins.go:233.2,233.23 1 1
github.com/sentrie-sh/sentrie/runtime/builtins.go:237.40,239.25 2 1
github.com/sentrie-sh/sentrie/runtime/builtins.go:239.25,241.27 1 1
github.com/sentrie-sh/sentrie/runtime/builtins.go:241.27,243.4 1 1
github.com/sentrie-sh/sentrie/runtime/builtins.go:246.3,246.41 1 1
github.com/sentrie-sh/sentrie/runtime/builtins.go:246.41,248.18 2 1
github.com/sentrie-sh/sentrie/runtime/builtins.go:248.18,250.5 1 0
github.com/sentrie-sh/sentrie/runtime/builtins.go:251.4,251.33 1 1
github.com/sentrie-sh/sentrie/runtime/builtins.go:251.33,253.5 1 1
github.com/sentrie-sh/sentrie/runtime/builtins.go:254.4,255.11 2 1
github.com/sentrie-sh/sentrie/runtime/builtins.go:255.11,257.5 1 0
github.com/sentrie-sh/sentrie/runtime/builtins.go:258.4,258.45 1 1
github.com/sentrie-sh/sentrie/runtime/builtins.go:259.9,262.4 1 1
github.com/sentrie-sh/sentrie/runtime/builtins.go:265.2,265.20 1 1
github.com/sentrie-sh/sentrie/runtime/builtins.go:269.66,270.20 1 1
github.com/sentrie-sh/sentrie/runtime/builtins.go:270.20,272.3 1 1
github.com/sentrie-sh/sentrie/runtime/builtins.go:275.2,275.29 1 1
github.com/sentrie-sh/sentrie/runtime/builtins.go:275.29,277.3 1 1
github.com/sentrie-sh/sentrie/runtime/builtins.go:279.2,282.31 2 1
github.com/sentrie-sh/sentrie/runtime/builtins.go:282.31,284.29 1 1
github.com/sentrie-sh/sentrie/runtime/builtins.go:284.29,285.28 1 1
github.com/sentrie-sh/sentrie/runtime/builtins.go:285.28,287.5 1 1
github.com/sentrie-sh/sentrie/runtime/builtins.go:289.3,289.19 1 1
github.com/sentrie-sh/sentrie/runtime/builtins.go:293.2,293.22 1 1
github.com/sentrie-sh/sentrie/runtime/builtins.go:297.73,298.20 1 1
github.com/sentrie-sh/sentrie/runtime/builtins.go:298.20,300.3 1 1
github.com/sentrie-sh/sentrie/runtime/builtins.go:303.2,303.29 1 1
github.com/sentrie-sh/sentrie/runtime/builtins.go:303.29,305.3 1 1
github.com/sentrie-sh/sentrie/runtime/builtins.go:307.2,311.28 3 1
github.com/sentrie-sh/sentrie/runtime/builtins.go:311.28,313.3 1 1
github.com/sentrie-sh/sentrie/runtime/builtins.go:313.8,315.3 1 1
github.com/sentrie-sh/sentrie/runtime/builtins.go:318.2,318.47 1 1
github.com/sentrie-sh/sentrie/runtime/builtins.go:318.47,320.3 1 0
github.com/sentrie-sh/sentrie/runtime/builtins.go:324.2,324.28 1 1
github.com/sentrie-sh/sentrie/runtime/builtins.go:324.28,325.41 1 1
github.com/sentrie-sh/sentrie/runtime/builtins.go:325.41,326.42 1 1
github.com/sentrie-sh/sentrie/runtime/builtins.go:326.42,327.35 1 1
github.com/sentrie-sh/sentrie/runtime/builtins.go:327.35,329.6 1 1
github.com/sentrie-sh/sentrie/runtime/builtins.go:331.5,331.40 1 1
github.com/sentrie-sh/sentrie/runtime/builtins.go:331.40,333.6 1 1
github.com/sentrie-sh/sentrie/runtime/builtins.go:339.2,340.28 2 1
github.com/sentrie-sh/sentrie/runtime/builtins.go:340.28,341.41 1 1
github.com/sentrie-sh/sentrie/runtime/builtins.go:341.41,344.4 1 1
github.com/sentrie-sh/sentrie/runtime/builtins.go:344.9,346.4 1 1
github.com/sentrie-sh/sentrie/runtime/builtins.go:349.2,349.20 1 1
github.com/sentrie-sh/sentrie/runtime/decision.go:30.45,32.2 1 0
github.com/sentrie-sh/sentrie/runtime/decision.go:41.38,42.39 1 1
github.com/sentrie-sh/sentrie/runtime/decision.go:42.39,44.3 1 1
github.com/sentrie-sh/sentrie/runtime/decision.go:46.2,46.37 1 1
github.com/sentrie-sh/sentrie/runtime/decision.go:46.37,48.3 1 1
github.com/sentrie-sh/sentrie/runtime/decision.go:50.2,50.62 1 1
github.com/sentrie-sh/sentrie/runtime/decision.go:53.49,62.2 2 1
github.com/sentrie-sh/sentrie/runtime/err_typedef.go:31.59,33.2 1 1
github.com/sentrie-sh/sentrie/runtime/err_typedef.go:35.87,37.2 1 1
github.com/sentrie-sh/sentrie/runtime/err_typedef.go:39.42,41.2 1 1
github.com/sentrie-sh/sentrie/runtime/err_typedef.go:43.41,45.2 1 1
github.com/sentrie-sh/sentrie/runtime/eval.go:31.137,32.23 1 1
github.com/sentrie-sh/sentrie/runtime/eval.go:34.39,36.40 1 0
github.com/sentrie-sh/sentrie/runtime/eval.go:38.38,40.40 1 0
github.com/sentrie-sh/sentrie/runtime/eval.go:42.24,47.19 5 0
github.com/sentrie-sh/sentrie/runtime/eval.go:49.27,54.19 5 1
github.com/sentrie-sh/sentrie/runtime/eval.go:56.27,61.19 5 1
github.com/sentrie-sh/sentrie/runtime/eval.go:63.25,68.19 5 0
github.com/sentrie-sh/sentrie/runtime/eval.go:70.26,76.19 5 1
github.com/sentrie-sh/sentrie/runtime/eval.go:78.24,83.31 4 1
github.com/sentrie-sh/sentrie/runtime/eval.go:83.31,86.18 3 1
github.com/sentrie-sh/sentrie/runtime/eval.go:86.18,88.5 1 0
github.com/sentrie-sh/sentrie/runtime/eval.go:89.4,89.24 1 1
github.com/sentrie-sh/sentrie/runtime/eval.go:91.3,92.42 2 1
github.com/sentrie-sh/sentrie/runtime/eval.go:94.23,99.32 4 1
github.com/sentrie-sh/sentrie/runtime/eval.go:99.32,102.18 3 1
github.com/sentrie-sh/sentrie/runtime/eval.go:102.18,104.5 1 0
github.com/sentrie-sh/sentrie/runtime/eval.go:105.4,106.11 2 1
github.com/sentrie-sh/sentrie/runtime/eval.go:106.11,109.5 2 0
github.com/sentrie-sh/sentrie/runtime/eval.go:111.4,113.18 3 1
github.com/sentrie-sh/sentrie/runtime/eval.go:113.18,115.5 1 0
github.com/sentrie-sh/sentrie/runtime/eval.go:116.4,116.19 1 1
github.com/sentrie-sh/sentrie/runtime/eval.go:118.3,119.42 2 1
github.com/sentrie-sh/sentrie/runtime/eval.go:121.23,122.40 1 1
github.com/sentrie-sh/sentrie/runtime/eval.go:124.27,125.39 1 0
github.com/sentrie-sh/sentrie/runtime/eval.go:127.28,128.40 1 1
github.com/sentrie-sh/sentrie/runtime/eval.go:130.28,131.40 1 1
github.com/sentrie-sh/sentrie/runtime/eval.go:133.28,134.40 1 0
github.com/sentrie-sh/sentrie/runtime/eval.go:136.34,137.46 1 1
github.com/sentrie-sh/sentrie/runtime/eval.go:139.34,140.46 1 0
github.com/sentrie-sh/sentrie/runtime/eval.go:142.27,143.39 1 1
github.com/sentrie-sh/sentrie/runtime/eval.go:145.25,146.45 1 0
github.com/sentrie-sh/sentrie/runtime/eval.go:148.30,149.42 1 0
github.com/sentrie-sh/sentrie/runtime/eval.go:151.26,152.38 1 0
github.com/sentrie-sh/sentrie/runtime/eval.go:154.26,155.38 1 0
github.com/sentrie-sh/sentrie/runtime/eval.go:157.28,158.40 1 0
github.com/sentrie-sh/sentrie/runtime/eval.go:160.29,161.41 1 0
github.com/sentrie-sh/sentrie/runtime/eval.go:163.29,164.41 1 0
github.com/sentrie-sh/sentrie/runtime/eval.go:166.26,167.38 1 0
github.com/sentrie-sh/sentrie/runtime/eval.go:169.32,170.44 1 0
github.com/sentrie-sh/sentrie/runtime/eval.go:172.31,173.43 1 0
github.com/sentrie-sh/sentrie/runtime/eval.go:175.10,177.66 2 0
github.com/sentrie-sh/sentrie/runtime/eval_access.go:28.160,35.16 4 1
github.com/sentrie-sh/sentrie/runtime/eval_access.go:35.16,37.3 1 0
github.com/sentrie-sh/sentrie/runtime/eval_access.go:38.2,41.23 4 1
github.com/sentrie-sh/sentrie/runtime/eval_access.go:44.160,51.16 4 0
github.com/sentrie-sh/sentrie/runtime/eval_access.go:51.16,53.3 1 0
github.com/sentrie-sh/sentrie/runtime/eval_access.go:54.2,58.16 4 0
github.com/sentrie-sh/sentrie/runtime/eval_access.go:58.16,60.3 1 0
github.com/sentrie-sh/sentrie/runtime/eval_access.go:61.2,63.23 3 0
github.com/sentrie-sh/sentrie/runtime/eval_access.go:66.77,67.23 1 1
github.com/sentrie-sh/sentrie/runtime/eval_access.go:67.23,69.3 1 0
github.com/sentrie-sh/sentrie/runtime/eval_access.go:70.2,70.33 1 1
github.com/sentrie-sh/sentrie/runtime/eval_access.go:70.33,71.36 1 1
github.com/sentrie-sh/sentrie/runtime/eval_access.go:71.36,73.4 1 1
github.com/sentrie-sh/sentrie/runtime/eval_access.go:74.3,74.26 1 1
github.com/sentrie-sh/sentrie/runtime/eval_access.go:76.2,76.31 1 0
github.com/sentrie-sh/sentrie/runtime/eval_access.go:77.22,78.28 1 0
github.com/sentrie-sh/sentrie/runtime/eval_access.go:78.28,80.4 1 0
github.com/sentrie-sh/sentrie/runtime/eval_access.go:81.3,81.26 1 0
github.com/sentrie-sh/sentrie/runtime/eval_access.go:82.23,83.16 1 0
github.com/sentrie-sh/sentrie/runtime/eval_access.go:84.16,85.41 1 0
github.com/sentrie-sh/sentrie/runtime/eval_access.go:86.16,87.32 1 0
github.com/sentrie-sh/sentrie/runtime/eval_access.go:88.11,89.41 1 0
github.com/sentrie-sh/sentrie/runtime/eval_access.go:89.41,91.5 1 0
github.com/sentrie-sh/sentrie/runtime/eval_access.go:92.4,92.27 1 0
github.com/sentrie-sh/sentrie/runtime/eval_access.go:94.10,95.75 1 0
github.com/sentrie-sh/sentrie/runtime/eval_access.go:99.74,100.23 1 1
github.com/sentrie-sh/sentrie/runtime/eval_access.go:100.23,102.3 1 0
github.com/sentrie-sh/sentrie/runtime/eval_access.go:103.2,103.34 1 1
github.com/sentrie-sh/sentrie/runtime/eval_access.go:103.34,106.27 3 1
github.com/sentrie-sh/sentrie/runtime/eval_access.go:106.27,108.4 1 0
github.com/sentrie-sh/sentrie/runtime/eval_access.go:109.3,109.19 1 1
github.com/sentrie-sh/sentrie/runtime/eval_access.go:111.2,111.33 1 1
github.com/sentrie-sh/sentrie/runtime/eval_access.go:111.33,112.39 1 0
github.com/sentrie-sh/sentrie/runtime/eval_access.go:112.39,113.33 1 0
github.com/sentrie-sh/sentrie/runtime/eval_access.go:113.33,115.5 1 0
github.com/sentrie-sh/sentrie/runtime/eval_access.go:117.3,117.26 1 0
github.com/sentrie-sh/sentrie/runtime/eval_access.go:119.2,119.31 1 1
github.com/sentrie-sh/sentrie/runtime/eval_access.go:120.13,123.27 3 0
github.com/sentrie-sh/sentrie/runtime/eval_access.go:123.27,125.4 1 0
github.com/sentrie-sh/sentrie/runtime/eval_access.go:126.3,126.36 1 0
github.com/sentrie-sh/sentrie/runtime/eval_access.go:127.22,128.37 1 1
github.com/sentrie-sh/sentrie/runtime/eval_access.go:128.37,129.33 1 1
github.com/sentrie-sh/sentrie/runtime/eval_access.go:129.33,131.5 1 0
github.com/sentrie-sh/sentrie/runtime/eval_access.go:132.4,132.27 1 1
github.com/sentrie-sh/sentrie/runtime/eval_access.go:134.3,134.26 1 0
github.com/sentrie-sh/sentrie/runtime/eval_access.go:135.10,136.70 1 0
github.com/sentrie-sh/sentrie/runtime/eval_block.go:27.152,34.37 5 1
github.com/sentrie-sh/sentrie/runtime/eval_block.go:34.37,35.25 1 1
github.com/sentrie-sh/sentrie/runtime/eval_block.go:36.28,37.52 1 1
github.com/sentrie-sh/sentrie/runtime/eval_block.go:37.52,39.5 1 1
github.com/sentrie-sh/sentrie/runtime/eval_block.go:40.30,41.14 1 0
github.com/sentrie-sh/sentrie/runtime/eval_block.go:42.11,43.35 1 0
github.com/sentrie-sh/sentrie/runtime/eval_block.go:47.2,48.16 2 0
github.com/sentrie-sh/sentrie/runtime/eval_block.go:48.16,50.3 1 0
github.com/sentrie-sh/sentrie/runtime/eval_block.go:51.2,52.20 2 0
github.com/sentrie-sh/sentrie/runtime/eval_call.go:33.169,41.32 4 1
github.com/sentrie-sh/sentrie/runtime/eval_call.go:41.32,44.17 3 1
github.com/sentrie-sh/sentrie/runtime/eval_call.go:44.17,46.4 1 0
github.com/sentrie-sh/sentrie/runtime/eval_call.go:47.3,47.25 1 1
github.com/sentrie-sh/sentrie/runtime/eval_call.go:50.2,51.16 2 1
github.com/sentrie-sh/sentrie/runtime/eval_call.go:51.16,53.3 1 1
github.com/sentrie-sh/sentrie/runtime/eval_call.go:56.2,56.75 1 0
github.com/sentrie-sh/sentrie/runtime/eval_call.go:56.75,57.18 1 0
github.com/sentrie-sh/sentrie/runtime/eval_call.go:57.18,59.4 1 0
github.com/sentrie-sh/sentrie/runtime/eval_call.go:61.3,62.26 2 0
github.com/sentrie-sh/sentrie/runtime/eval_call.go:62.26,64.4 1 0
github.com/sentrie-sh/sentrie/runtime/eval_call.go:66.3,67.64 2 0
github.com/sentrie-sh/sentrie/runtime/eval_call.go:67.64,69.4 1 0
github.com/sentrie-sh/sentrie/runtime/eval_call.go:70.3,71.17 2 0
github.com/sentrie-sh/sentrie/runtime/eval_call.go:71.17,73.4 1 0
github.com/sentrie-sh/sentrie/runtime/eval_call.go:74.3,75.9 2 0
github.com/sentrie-sh/sentrie/runtime/eval_call.go:75.9,77.4 1 0
github.com/sentrie-sh/sentrie/runtime/eval_call.go:78.3,78.27 1 0
github.com/sentrie-sh/sentrie/runtime/eval_call.go:82.2,83.16 2 0
github.com/sentrie-sh/sentrie/runtime/eval_call.go:83.16,84.43 1 0
github.com/sentrie-sh/sentrie/runtime/eval_call.go:84.43,87.4 1 0
github.com/sentrie-sh/sentrie/runtime/eval_call.go:88.3,89.37 2 0
github.com/sentrie-sh/sentrie/runtime/eval_call.go:91.2,91.41 1 0
github.com/sentrie-sh/sentrie/runtime/eval_call.go:95.46,97.21 2 1
github.com/sentrie-sh/sentrie/runtime/eval_call.go:97.21,99.3 1 1
github.com/sentrie-sh/sentrie/runtime/eval_call.go:100.2,100.27 1 0
github.com/sentrie-sh/sentrie/runtime/eval_call.go:103.70,105.25 2 1
github.com/sentrie-sh/sentrie/runtime/eval_call.go:105.25,107.3 1 1
github.com/sentrie-sh/sentrie/runtime/eval_call.go:108.2,109.16 2 1
github.com/sentrie-sh/sentrie/runtime/eval_call.go:109.16,111.3 1 0
github.com/sentrie-sh/sentrie/runtime/eval_call.go:112.2,112.44 1 1
github.com/sentrie-sh/sentrie/runtime/eval_call.go:115.153,119.41 2 1
github.com/sentrie-sh/sentrie/runtime/eval_call.go:119.41,120.66 1 1
github.com/sentrie-sh/sentrie/runtime/eval_call.go:120.66,122.27 2 1
github.com/sentrie-sh/sentrie/runtime/eval_call.go:122.27,124.5 1 1
github.com/sentrie-sh/sentrie/runtime/eval_call.go:125.4,126.36 2 1
github.com/sentrie-sh/sentrie/runtime/eval_call.go:131.2,134.30 2 1
github.com/sentrie-sh/sentrie/runtime/eval_call.go:134.30,137.3 2 1
github.com/sentrie-sh/sentrie/runtime/eval_call.go:139.2,140.9 2 0
github.com/sentrie-sh/sentrie/runtime/eval_call.go:140.9,143.3 2 0
github.com/sentrie-sh/sentrie/runtime/eval_call.go:145.2,145.65 1 0
github.com/sentrie-sh/sentrie/runtime/eval_call.go:145.65,147.26 2 0
github.com/sentrie-sh/sentrie/runtime/eval_call.go:147.26,149.4 1 0
github.com/sentrie-sh/sentrie/runtime/eval_call.go:150.3,151.35 2 0
github.com/sentrie-sh/sentrie/runtime/eval_cast.go:30.146,38.16 5 1
github.com/sentrie-sh/sentrie/runtime/eval_cast.go:38.16,40.3 1 0
github.com/sentrie-sh/sentrie/runtime/eval_cast.go:41.2,44.15 3 1
github.com/sentrie-sh/sentrie/runtime/eval_cast.go:44.15,45.31 1 1
github.com/sentrie-sh/sentrie/runtime/eval_cast.go:45.31,51.4 3 0
github.com/sentrie-sh/sentrie/runtime/eval_cast.go:53.3,53.23 1 1
github.com/sentrie-sh/sentrie/runtime/eval_cast.go:53.23,55.120 1 1
github.com/sentrie-sh/sentrie/runtime/eval_cast.go:55.120,59.5 3 1
github.com/sentrie-sh/sentrie/runtime/eval_cast.go:63.2,63.23 1 1
github.com/sentrie-sh/sentrie/runtime/eval_cast.go:64.26,65.32 1 0
github.com/sentrie-sh/sentrie/runtime/eval_cast.go:67.26,68.37 1 1
github.com/sentrie-sh/sentrie/runtime/eval_cast.go:68.37,70.4 1 0
github.com/sentrie-sh/sentrie/runtime/eval_cast.go:70.9,70.44 1 1
github.com/sentrie-sh/sentrie/runtime/eval_cast.go:70.44,72.23 2 1
github.com/sentrie-sh/sentrie/runtime/eval_cast.go:72.23,74.5 1 1
github.com/sentrie-sh/sentrie/runtime/eval_cast.go:75.4,75.25 1 0
github.com/sentrie-sh/sentrie/runtime/eval_cast.go:76.9,76.42 1 1
github.com/sentrie-sh/sentrie/runtime/eval_cast.go:76.42,77.9 1 1
github.com/sentrie-sh/sentrie/runtime/eval_cast.go:77.9,79.5 1 1
github.com/sentrie-sh/sentrie/runtime/eval_cast.go:79.10,81.5 1 0
github.com/sentrie-sh/sentrie/runtime/eval_cast.go:82.9,85.4 2 0
github.com/sentrie-sh/sentrie/runtime/eval_cast.go:87.27,88.44 1 0
github.com/sentrie-sh/sentrie/runtime/eval_cast.go:90.24,91.30 1 1
github.com/sentrie-sh/sentrie/runtime/eval_cast.go:91.30,94.4 2 1
github.com/sentrie-sh/sentrie/runtime/eval_cast.go:95.3,95.15 1 0
github.com/sentrie-sh/sentrie/runtime/eval_cast.go:97.23,98.29 1 0
github.com/sentrie-sh/sentrie/runtime/eval_cast.go:98.29,101.4 2 0
github.com/sentrie-sh/sentrie/runtime/eval_cast.go:102.3,102.15 1 0
github.com/sentrie-sh/sentrie/runtime/eval_cast.go:104.25,105.15 1 0
github.com/sentrie-sh/sentrie/runtime/eval_cast.go:107.10,108.15 1 0
github.com/sentrie-sh/sentrie/runtime/eval_cast.go:111.2,111.62 1 1
github.com/sentrie-sh/sentrie/runtime/eval_distinct.go:30.154,40.16 5 1
github.com/sentrie-sh/sentrie/runtime/eval_distinct.go:40.16,42.3 1 0
github.com/sentrie-sh/sentrie/runtime/eval_distinct.go:44.2,45.9 2 1
github.com/sentrie-sh/sentrie/runtime/eval_distinct.go:45.9,47.3 1 1
github.com/sentrie-sh/sentrie/runtime/eval_distinct.go:49.2,49.19 1 1
github.com/sentrie-sh/sentrie/runtime/eval_distinct.go:49.19,52.3 1 1
github.com/sentrie-sh/sentrie/runtime/eval_distinct.go:55.2,70.20 5 1
github.com/sentrie-sh/sentrie/runtime/eval_distinct.go:70.20,77.44 4 1
github.com/sentrie-sh/sentrie/runtime/eval_distinct.go:77.44,84.18 7 1
github.com/sentrie-sh/sentrie/runtime/eval_distinct.go:84.18,86.5 1 1
github.com/sentrie-sh/sentrie/runtime/eval_distinct.go:87.4,87.40 1 1
github.com/sentrie-sh/sentrie/runtime/eval_distinct.go:87.40,89.10 2 1
github.com/sentrie-sh/sentrie/runtime/eval_distinct.go:94.3,94.18 1 1
[...]
github.com/sentrie-sh/sentrie/runtime/modules.go:54.22,56.26 2 0
github.com/sentrie-sh/sentrie/runtime/modules.go:56.26,58.4 1 0
github.com/sentrie-sh/sentrie/runtime/modules.go:59.3,59.13 1 0
github.com/sentrie-sh/sentrie/runtime/modules.go:60.10,61.11 1 0
github.com/sentrie-sh/sentrie/runtime/modules.go:65.109,66.27 1 0
github.com/sentrie-sh/sentrie/runtime/modules.go:66.27,68.3 1 0
github.com/sentrie-sh/sentrie/runtime/modules.go:69.2,70.16 2 0
github.com/sentrie-sh/sentrie/runtime/modules.go:70.16,72.3 1 0
github.com/sentrie-sh/sentrie/runtime/modules.go:73.2,76.100 3 0
github.com/sentrie-sh/sentrie/runtime/modules.go:76.100,78.3 1 0
github.com/sentrie-sh/sentrie/runtime/modules.go:80.2,81.9 2 0
github.com/sentrie-sh/sentrie/runtime/modules.go:81.9,83.3 1 0
github.com/sentrie-sh/sentrie/runtime/modules.go:84.2,85.9 2 0
github.com/sentrie-sh/sentrie/runtime/modules.go:85.9,87.3 1 0
github.com/sentrie-sh/sentrie/runtime/modules.go:90.2,91.16 2 0
github.com/sentrie-sh/sentrie/runtime/modules.go:91.16,93.13 2 0
github.com/sentrie-sh/sentrie/runtime/modules.go:93.13,94.11 1 0
github.com/sentrie-sh/sentrie/runtime/modules.go:95.22,96.31 1 0
github.com/sentrie-sh/sentrie/runtime/modules.go:97.16,99.27 1 0
github.com/sentrie-sh/sentrie/runtime/modules.go:102.3,102.20 1 0
github.com/sentrie-sh/sentrie/runtime/modules.go:105.2,106.25 2 0
github.com/sentrie-sh/sentrie/runtime/modules.go:106.25,108.3 1 0
github.com/sentrie-sh/sentrie/runtime/modules.go:109.2,110.16 2 0
github.com/sentrie-sh/sentrie/runtime/modules.go:110.16,112.3 1 0
github.com/sentrie-sh/sentrie/runtime/modules.go:114.2,125.68 2 0
github.com/sentrie-sh/sentrie/runtime/modules.go:125.68,127.3 1 0
github.com/sentrie-sh/sentrie/runtime/modules.go:129.2,132.30 2 0
github.com/sentrie-sh/sentrie/runtime/modules.go:132.30,134.3 1 0
github.com/sentrie-sh/sentrie/runtime/modules.go:136.2,136.20 1 0
github.com/sentrie-sh/sentrie/runtime/typeref.go:27.39,28.23 1 1
github.com/sentrie-sh/sentrie/runtime/typeref.go:29.13,30.17 1 1
github.com/sentrie-sh/sentrie/runtime/typeref.go:31.15,32.23 1 0
github.com/sentrie-sh/sentrie/runtime/typeref.go:33.24,34.22 1 0
github.com/sentrie-sh/sentrie/runtime/typeref.go:35.10,36.11 1 1
github.com/sentrie-sh/sentrie/runtime/typeref.go:40.168,42.29 2 1
github.com/sentrie-sh/sentrie/runtime/typeref.go:43.26,44.74 1 1
github.com/sentrie-sh/sentrie/runtime/typeref.go:45.27,46.75 1 0
github.com/sentrie-sh/sentrie/runtime/typeref.go:47.26,48.74 1 1
github.com/sentrie-sh/sentrie/runtime/typeref.go:49.24,50.72 1 1
github.com/sentrie-sh/sentrie/runtime/typeref.go:51.23,52.71 1 0
github.com/sentrie-sh/sentrie/runtime/typeref.go:53.25,54.73 1 0
github.com/sentrie-sh/sentrie/runtime/typeref.go:55.28,56.76 1 0
github.com/sentrie-sh/sentrie/runtime/typeref.go:57.26,58.74 1 0
github.com/sentrie-sh/sentrie/runtime/typeref.go:61.2,61.12 1 0
github.com/sentrie-sh/sentrie/runtime/typeref_document.go:29.173,31.38 1 1
github.com/sentrie-sh/sentrie/runtime/typeref_document.go:31.38,33.3 1 1
github.com/sentrie-sh/sentrie/runtime/typeref_document.go:35.2,35.54 1 1
github.com/sentrie-sh/sentrie/runtime/typeref_document.go:35.54,37.43 2 0
github.com/sentrie-sh/sentrie/runtime/typeref_document.go:37.43,39.18 2 0
github.com/sentrie-sh/sentrie/runtime/typeref_document.go:39.18,41.5 1 0
github.com/sentrie-sh/sentrie/runtime/typeref_document.go:42.4,42.25 1 0
github.com/sentrie-sh/sentrie/runtime/typeref_document.go:44.3,45.10 2 0
github.com/sentrie-sh/sentrie/runtime/typeref_document.go:45.10,47.4 1 0
github.com/sentrie-sh/sentrie/runtime/typeref_document.go:49.3,49.75 1 0
github.com/sentrie-sh/sentrie/runtime/typeref_document.go:49.75,51.4 1 0
github.com/sentrie-sh/sentrie/runtime/typeref_document.go:54.2,54.12 1 1
github.com/sentrie-sh/sentrie/runtime/typeref_list.go:29.165,30.29 1 1
github.com/sentrie-sh/sentrie/runtime/typeref_list.go:30.29,32.3 1 1
github.com/sentrie-sh/sentrie/runtime/typeref_list.go:34.2,34.33 1 1
github.com/sentrie-sh/sentrie/runtime/typeref_list.go:34.33,35.100 1 1
github.com/sentrie-sh/sentrie/runtime/typeref_list.go:35.100,37.4 1 1
github.com/sentrie-sh/sentrie/runtime/typeref_list.go:40.2,40.54 1 1
github.com/sentrie-sh/sentrie/runtime/typeref_list.go:40.54,42.43 2 0
github.com/sentrie-sh/sentrie/runtime/typeref_list.go:42.43,44.18 2 0
github.com/sentrie-sh/sentrie/runtime/typeref_list.go:44.18,46.5 1 0
github.com/sentrie-sh/sentrie/runtime/typeref_list.go:47.4,47.25 1 0
github.com/sentrie-sh/sentrie/runtime/typeref_list.go:49.3,50.10 2 0
github.com/sentrie-sh/sentrie/runtime/typeref_list.go:50.10,52.4 1 0
github.com/sentrie-sh/sentrie/runtime/typeref_list.go:54.3,54.66 1 0
github.com/sentrie-sh/sentrie/runtime/typeref_list.go:54.66,56.4 1 0
github.com/sentrie-sh/sentrie/runtime/typeref_list.go:59.2,59.12 1 1
github.com/sentrie-sh/sentrie/runtime/typeref_map.go:29.163,30.38 1 1
github.com/sentrie-sh/sentrie/runtime/typeref_map.go:30.38,32.3 1 1
github.com/sentrie-sh/sentrie/runtime/typeref_map.go:34.2,34.54 1 1
github.com/sentrie-sh/sentrie/runtime/typeref_map.go:34.54,36.43 2 0
github.com/sentrie-sh/sentrie/runtime/typeref_map.go:36.43,38.18 2 0
github.com/sentrie-sh/sentrie/runtime/typeref_map.go:38.18,40.5 1 0
github.com/sentrie-sh/sentrie/runtime/typeref_map.go:41.4,41.25 1 0
github.com/sentrie-sh/sentrie/runtime/typeref_map.go:43.3,44.10 2 0
github.com/sentrie-sh/sentrie/runtime/typeref_map.go:44.10,46.4 1 0
github.com/sentrie-sh/sentrie/runtime/typeref_map.go:48.3,48.75 1 0
github.com/sentrie-sh/sentrie/runtime/typeref_map.go:48.75,50.4 1 0
github.com/sentrie-sh/sentrie/runtime/typeref_map.go:53.2,53.12 1 1
github.com/sentrie-sh/sentrie/runtime/typeref_number.go:29.169,30.31 1 1
github.com/sentrie-sh/sentrie/runtime/typeref_number.go:30.31,32.3 1 1
github.com/sentrie-sh/sentrie/runtime/typeref_number.go:34.2,34.54 1 1
github.com/sentrie-sh/sentrie/runtime/typeref_number.go:34.54,36.43 2 1
github.com/sentrie-sh/sentrie/runtime/typeref_number.go:36.43,38.18 2 0
github.com/sentrie-sh/sentrie/runtime/typeref_number.go:38.18,40.5 1 0
github.com/sentrie-sh/sentrie/runtime/typeref_number.go:41.4,42.39 2 0
github.com/sentrie-sh/sentrie/runtime/typeref_number.go:42.39,44.5 1 0
github.com/sentrie-sh/sentrie/runtime/typeref_number.go:45.4,45.22 1 0
github.com/sentrie-sh/sentrie/runtime/typeref_number.go:47.3,48.10 2 1
github.com/sentrie-sh/sentrie/runtime/typeref_number.go:48.10,50.4 1 0
github.com/sentrie-sh/sentrie/runtime/typeref_number.go:52.3,52.68 1 1
github.com/sentrie-sh/sentrie/runtime/typeref_number.go:52.68,54.4 1 1
github.com/sentrie-sh/sentrie/runtime/typeref_number.go:56.2,56.12 1 1
github.com/sentrie-sh/sentrie/runtime/typeref_record.go:29.169,31.30 2 1
github.com/sentrie-sh/sentrie/runtime/typeref_record.go:31.30,33.3 1 1
github.com/sentrie-sh/sentrie/runtime/typeref_record.go:33.8,35.3 1 1
github.com/sentrie-sh/sentrie/runtime/typeref_record.go:37.2,37.39 1 1
github.com/sentrie-sh/sentrie/runtime/typeref_record.go:37.39,39.3 1 1
github.com/sentrie-sh/sentrie/runtime/typeref_record.go:41.2,41.39 1 1
github.com/sentrie-sh/sentrie/runtime/typeref_record.go:41.39,42.93 1 1
github.com/sentrie-sh/sentrie/runtime/typeref_record.go:42.93,44.4 1 1
github.com/sentrie-sh/sentrie/runtime/typeref_record.go:47.2,47.54 1 1
github.com/sentrie-sh/sentrie/runtime/typeref_record.go:47.54,49.43 2 0
github.com/sentrie-sh/sentrie/runtime/typeref_record.go:49.43,51.18 2 0
github.com/sentrie-sh/sentrie/runtime/typeref_record.go:51.18,53.5 1 0
github.com/sentrie-sh/sentrie/runtime/typeref_record.go:54.4,54.25 1 0
github.com/sentrie-sh/sentrie/runtime/typeref_record.go:56.3,57.10 2 0
github.com/sentrie-sh/sentrie/runtime/typeref_record.go:57.10,59.4 1 0
github.com/sentrie-sh/sentrie/runtime/typeref_record.go:61.3,61.66 1 0
github.com/sentrie-sh/sentrie/runtime/typeref_record.go:61.66,63.4 1 0
github.com/sentrie-sh/sentrie/runtime/typeref_record.go:66.2,66.12 1 1
github.com/sentrie-sh/sentrie/runtime/typeref_shape.go:31.167,40.9 4 1
github.com/sentrie-sh/sentrie/runtime/typeref_shape.go:40.9,42.8 2 1
github.com/sentrie-sh/sentrie/runtime/typeref_shape.go:42.8,44.4 1 0
github.com/sentrie-sh/sentrie/runtime/typeref_shape.go:45.3,45.9 1 1
github.com/sentrie-sh/sentrie/runtime/typeref_shape.go:50.2,50.39 1 1
github.com/sentrie-sh/sentrie/runtime/typeref_shape.go:50.39,56.17 4 0
github.com/sentrie-sh/sentrie/runtime/typeref_shape.go:56.17,58.4 1 0
github.com/sentrie-sh/sentrie/runtime/typeref_shape.go:59.3,59.23 1 0
github.com/sentrie-sh/sentrie/runtime/typeref_shape.go:59.23,61.4 1 0
github.com/sentrie-sh/sentrie/runtime/typeref_shape.go:62.3,62.61 1 0
github.com/sentrie-sh/sentrie/runtime/typeref_shape.go:62.61,64.4 1 0
github.com/sentrie-sh/sentrie/runtime/typeref_shape.go:66.3,67.17 2 0
github.com/sentrie-sh/sentrie/runtime/typeref_shape.go:67.17,69.4 1 0
github.com/sentrie-sh/sentrie/runtime/typeref_shape.go:73.2,73.18 1 1
github.com/sentrie-sh/sentrie/runtime/typeref_shape.go:73.18,75.3 1 1
github.com/sentrie-sh/sentrie/runtime/typeref_shape.go:78.2,78.26 1 1
github.com/sentrie-sh/sentrie/runtime/typeref_shape.go:78.26,80.3 1 1
github.com/sentrie-sh/sentrie/runtime/typeref_shape.go:84.2,85.9 2 1
github.com/sentrie-sh/sentrie/runtime/typeref_shape.go:85.9,87.3 1 1
github.com/sentrie-sh/sentrie/runtime/typeref_shape.go:90.2,90.43 1 0
github.com/sentrie-sh/sentrie/runtime/typeref_shape.go:90.43,95.53 1 0
github.com/sentrie-sh/sentrie/runtime/typeref_shape.go:95.53,97.4 1 0
github.com/sentrie-sh/sentrie/runtime/typeref_shape.go:99.3,99.49 1 0
github.com/sentrie-sh/sentrie/runtime/typeref_shape.go:99.49,101.4 1 0
github.com/sentrie-sh/sentrie/runtime/typeref_shape.go:103.3,104.98 2 0
github.com/sentrie-sh/sentrie/runtime/typeref_shape.go:104.98,106.4 1 0
github.com/sentrie-sh/sentrie/runtime/typeref_shape.go:109.2,109.54 1 0
github.com/sentrie-sh/sentrie/runtime/typeref_shape.go:109.54,111.43 2 0
github.com/sentrie-sh/sentrie/runtime/typeref_shape.go:111.43,113.18 2 0
github.com/sentrie-sh/sentrie/runtime/typeref_shape.go:113.18,115.5 1 0
github.com/sentrie-sh/sentrie/runtime/typeref_shape.go:116.4,116.25 1 0
github.com/sentrie-sh/sentrie/runtime/typeref_shape.go:118.3,119.10 2 0
github.com/sentrie-sh/sentrie/runtime/typeref_shape.go:119.10,121.4 1 0
github.com/sentrie-sh/sentrie/runtime/typeref_shape.go:123.3,123.75 1 0
github.com/sentrie-sh/sentrie/runtime/typeref_shape.go:123.75,125.4 1 0
github.com/sentrie-sh/sentrie/runtime/typeref_shape.go:128.2,128.12 1 0
github.com/sentrie-sh/sentrie/runtime/typeref_string.go:29.176,30.30 1 1
github.com/sentrie-sh/sentrie/runtime/typeref_string.go:30.30,32.3 1 1
github.com/sentrie-sh/sentrie/runtime/typeref_string.go:34.2,34.54 1 1
github.com/sentrie-sh/sentrie/runtime/typeref_string.go:34.54,36.43 2 1
github.com/sentrie-sh/sentrie/runtime/typeref_string.go:36.43,38.18 2 1
github.com/sentrie-sh/sentrie/runtime/typeref_string.go:38.18,40.5 1 0
github.com/sentrie-sh/sentrie/runtime/typeref_string.go:41.4,41.25 1 1
github.com/sentrie-sh/sentrie/runtime/typeref_string.go:43.3,44.10 2 1
github.com/sentrie-sh/sentrie/runtime/typeref_string.go:44.10,46.4 1 0
github.com/sentrie-sh/sentrie/runtime/typeref_string.go:48.3,48.67 1 1
github.com/sentrie-sh/sentrie/runtime/typeref_string.go:48.67,50.4 1 1
github.com/sentrie-sh/sentrie/runtime/typeref_string.go:53.2,53.12 1 1
github.com/sentrie-sh/sentrie/runtime/typeref_trinary.go:30.178,31.27 1 1
github.com/sentrie-sh/sentrie/runtime/typeref_trinary.go:31.27,33.3 1 1
github.com/sentrie-sh/sentrie/runtime/typeref_trinary.go:34.2,34.37 1 1
github.com/sentrie-sh/sentrie/runtime/typeref_trinary.go:34.37,36.3 1 1
github.com/sentrie-sh/sentrie/runtime/typeref_trinary.go:38.2,40.54 2 1
github.com/sentrie-sh/sentrie/runtime/typeref_trinary.go:40.54,42.43 2 0
github.com/sentrie-sh/sentrie/runtime/typeref_trinary.go:42.43,44.18 2 0
github.com/sentrie-sh/sentrie/runtime/typeref_trinary.go:44.18,46.5 1 0
github.com/sentrie-sh/sentrie/runtime/typeref_trinary.go:47.4,47.25 1 0
github.com/sentrie-sh/sentrie/runtime/typeref_trinary.go:49.3,50.10 2 0
github.com/sentrie-sh/sentrie/runtime/typeref_trinary.go:50.10,52.4 1 0
github.com/sentrie-sh/sentrie/runtime/typeref_trinary.go:54.3,54.59 1 0
github.com/sentrie-sh/sentrie/runtime/typeref_trinary.go:54.59,56.4 1 0
github.com/sentrie-sh/sentrie/runtime/typeref_trinary.go:58.2,58.12 1 1
github.com/sentrie-sh/sentrie/runtime/value.go:46.36,47.11 1 1
github.com/sentrie-sh/sentrie/runtime/value.go:48.22,49.21 1 1
github.com/sentrie-sh/sentrie/runtime/value.go:50.17,51.16 1 1
github.com/sentrie-sh/sentrie/runtime/value.go:52.17,53.16 1 1
github.com/sentrie-sh/sentrie/runtime/value.go:54.19,55.18 1 1
github.com/sentrie-sh/sentrie/runtime/value.go:56.19,57.18 1 1
github.com/sentrie-sh/sentrie/runtime/value.go:58.20,59.19 1 1
github.com/sentrie-sh/sentrie/runtime/value.go:60.17,61.16 1 1
github.com/sentrie-sh/sentrie/runtime/value.go:62.16,63.15 1 1
github.com/sentrie-sh/sentrie/runtime/value.go:64.19,65.18 1 1
github.com/sentrie-sh/sentrie/runtime/value.go:66.10,67.19 1 1
github.com/sentrie-sh/sentrie/runtime/value.go:77.24,77.62 1 1
github.com/sentrie-sh/sentrie/runtime/value.go:78.24,78.57 1 1
github.com/sentrie-sh/sentrie/runtime/value.go:80.31,81.7 1 1
github.com/sentrie-sh/sentrie/runtime/value.go:81.7,83.3 1 1
github.com/sentrie-sh/sentrie/runtime/value.go:84.2,84.31 1 1
github.com/sentrie-sh/sentrie/runtime/value.go:89.34,94.2 1 1
github.com/sentrie-sh/sentrie/runtime/value.go:96.35,98.2 1 1
github.com/sentrie-sh/sentrie/runtime/value.go:100.37,102.2 1 1
github.com/sentrie-sh/sentrie/runtime/value.go:104.29,106.2 1 1
github.com/sentrie-sh/sentrie/runtime/value.go:108.36,110.2 1 1
github.com/sentrie-sh/sentrie/runtime/value.go:112.31,114.2 1 1
github.com/sentrie-sh/sentrie/runtime/value.go:116.35,116.52 1 1
github.com/sentrie-sh/sentrie/runtime/value.go:117.35,117.68 1 1
github.com/sentrie-sh/sentrie/runtime/value.go:118.35,118.70 1 1
github.com/sentrie-sh/sentrie/runtime/value.go:119.35,119.65 1 1
github.com/sentrie-sh/sentrie/runtime/value.go:121.41,122.25 1 1
github.com/sentrie-sh/sentrie/runtime/value.go:122.25,124.3 1 1
github.com/sentrie-sh/sentrie/runtime/value.go:125.2,125.25 1 1
github.com/sentrie-sh/sentrie/runtime/value.go:128.46,129.27 1 1
github.com/sentrie-sh/sentrie/runtime/value.go:129.27,131.3 1 1
github.com/sentrie-sh/sentrie/runtime/value.go:132.2,132.42 1 1
github.com/sentrie-sh/sentrie/runtime/value.go:135.45,136.27 1 1
github.com/sentrie-sh/sentrie/runtime/value.go:136.27,138.3 1 1
github.com/sentrie-sh/sentrie/runtime/value.go:139.2,140.14 2 1
github.com/sentrie-sh/sentrie/runtime/value.go:143.53,144.28 1 1
github.com/sentrie-sh/sentrie/runtime/value.go:144.28,146.3 1 1
github.com/sentrie-sh/sentrie/runtime/value.go:147.2,147.35 1 1
github.com/sentrie-sh/sentrie/runtime/value.go:150.44,151.25 1 1
github.com/sentrie-sh/sentrie/runtime/value.go:151.25,153.3 1 1
github.com/sentrie-sh/sentrie/runtime/value.go:154.2,155.15 2 1
github.com/sentrie-sh/sentrie/runtime/value.go:158.52,159.24 1 1
github.com/sentrie-sh/sentrie/runtime/value.go:159.24,161.3 1 1
github.com/sentrie-sh/sentrie/runtime/value.go:162.2,163.14 2 1
github.com/sentrie-sh/sentrie/runtime/value.go:166.26,167.16 1 1
github.com/sentrie-sh/sentrie/runtime/value.go:168.22,169.13 1 1
github.com/sentrie-sh/sentrie/runtime/value.go:170.17,171.13 1 1
github.com/sentrie-sh/sentrie/runtime/value.go:172.17,173.20 1 1
github.com/sentrie-sh/sentrie/runtime/value.go:174.19,175.37 1 1
github.com/sentrie-sh/sentrie/runtime/value.go:176.19,178.11 2 1
github.com/sentrie-sh/sentrie/runtime/value.go:179.20,180.30 1 1
github.com/sentrie-sh/sentrie/runtime/value.go:181.17,184.24 3 1
github.com/sentrie-sh/sentrie/runtime/value.go:184.24,186.4 1 1
github.com/sentrie-sh/sentrie/runtime/value.go:187.3,187.13 1 1
github.com/sentrie-sh/sentrie/runtime/value.go:188.16,191.23 3 1
github.com/sentrie-sh/sentrie/runtime/value.go:191.23,193.4 1 1
github.com/sentrie-sh/sentrie/runtime/value.go:194.3,194.13 1 1
github.com/sentrie-sh/sentrie/runtime/value.go:195.19,196.15 1 1
github.com/sentrie-sh/sentrie/runtime/value.go:197.10,198.13 1 1
github.com/sentrie-sh/sentrie/runtime/value.go:202.32,203.16 1 1
github.com/sentrie-sh/sentrie/runtime/value.go:204.20,205.19 1 1
github.com/sentrie-sh/sentrie/runtime/value.go:206.22,207.21 1 1
github.com/sentrie-sh/sentrie/runtime/value.go:208.17,209.16 1 1
github.com/sentrie-sh/sentrie/runtime/value.go:210.17,211.31 1 1
github.com/sentrie-sh/sentrie/runtime/value.go:211.31,213.4 1 1
github.com/sentrie-sh/sentrie/runtime/value.go:214.3,214.17 1 1
github.com/sentrie-sh/sentrie/runtime/value.go:215.19,217.30 2 1
github.com/sentrie-sh/sentrie/runtime/value.go:218.19,220.11 2 1
github.com/sentrie-sh/sentrie/runtime/value.go:221.20,223.20 2 1
github.com/sentrie-sh/sentrie/runtime/value.go:224.10,225.36 1 1
github.com/sentrie-sh/sentrie/runtime/value.go:229.46,230.21 1 1
github.com/sentrie-sh/sentrie/runtime/value.go:230.21,232.3 1 1
github.com/sentrie-sh/sentrie/runtime/value.go:233.2,233.30 1 1
github.com/sentrie-sh/sentrie/runtime/value.go:236.27,237.23 1 1
github.com/sentrie-sh/sentrie/runtime/value.go:238.11,239.16 1 1
github.com/sentrie-sh/sentrie/runtime/value.go:240.13,241.11 1 1
github.com/sentrie-sh/sentrie/runtime/value.go:242.12,243.17 1 1
github.com/sentrie-sh/sentrie/runtime/value.go:244.11,245.19 1 1
github.com/sentrie-sh/sentrie/runtime/value.go:246.12,247.19 1 1
github.com/sentrie-sh/sentrie/runtime/value.go:248.13,249.19 1 1
github.com/sentrie-sh/sentrie/runtime/value.go:250.13,251.19 1 1
github.com/sentrie-sh/sentrie/runtime/value.go:252.13,253.19 1 1
github.com/sentrie-sh/sentrie/runtime/value.go:254.12,255.19 1 1
github.com/sentrie-sh/sentrie/runtime/value.go:256.13,257.19 1 1
github.com/sentrie-sh/sentrie/runtime/value.go:258.14,259.19 1 1
github.com/sentrie-sh/sentrie/runtime/value.go:260.14,261.19 1 1
github.com/sentrie-sh/sentrie/runtime/value.go:262.14,263.19 1 1
github.com/sentrie-sh/sentrie/runtime/value.go:264.15,265.19 1 1
github.com/sentrie-sh/sentrie/runtime/value.go:266.15,267.19 1 1
github.com/sentrie-sh/sentrie/runtime/value.go:268.14,269.19 1 1
github.com/sentrie-sh/sentrie/runtime/value.go:270.21,271.20 1 1
github.com/sentrie-sh/sentrie/runtime/value.go:272.15,273.17 1 1
github.com/sentrie-sh/sentrie/runtime/value.go:274.24,275.16 1 1
github.com/sentrie-sh/sentrie/runtime/value.go:276.13,278.26 2 1
github.com/sentrie-sh/sentrie/runtime/value.go:278.26,280.4 1 1
github.com/sentrie-sh/sentrie/runtime/value.go:281.3,281.19 1 1
github.com/sentrie-sh/sentrie/runtime/value.go:282.22,284.23 2 1
github.com/sentrie-sh/sentrie/runtime/value.go:284.23,286.4 1 1
github.com/sentrie-sh/sentrie/runtime/value.go:287.3,287.18 1 1
github.com/sentrie-sh/sentrie/runtime/value.go:288.10,289.19 1 1
github.com/sentrie-sh/sentrie/runtime/value.go:295.33,296.18 1 1
github.com/sentrie-sh/sentrie/runtime/value.go:297.22,298.27 1 1
github.com/sentrie-sh/sentrie/runtime/value.go:299.17,302.27 3 1
github.com/sentrie-sh/sentrie/runtime/value.go:302.27,304.4 1 1
github.com/sentrie-sh/sentrie/runtime/value.go:305.3,305.13 1 1
github.com/sentrie-sh/sentrie/runtime/value.go:306.16,309.26 3 1
github.com/sentrie-sh/sentrie/runtime/value.go:309.26,311.4 1 1
github.com/sentrie-sh/sentrie/runtime/value.go:312.3,312.13 1 1
github.com/sentrie-sh/sentrie/runtime/value.go:313.10,314.17 1 1
github.com/sentrie-sh/sentrie/runtime/value.go:320.35,321.45 1 1
github.com/sentrie-sh/sentrie/runtime/value.go:321.45,323.3 1 1
github.com/sentrie-sh/sentrie/runtime/value.go:324.2,324.23 1 1
github.com/sentrie-sh/sentrie/runtime/value.go:325.13,327.26 2 1
github.com/sentrie-sh/sentrie/runtime/value.go:327.26,329.4 1 1
github.com/sentrie-sh/sentrie/runtime/value.go:330.3,330.19 1 1
github.com/sentrie-sh/sentrie/runtime/value.go:331.22,333.26 2 1
github.com/sentrie-sh/sentrie/runtime/value.go:333.26,335.4 1 1
github.com/sentrie-sh/sentrie/runtime/value.go:336.3,336.18 1 1
github.com/sentrie-sh/sentrie/runtime/value.go:337.10,338.20 1 1
